Added Member To Class: ClassName=Sheet Member=Component C1 100nF
Added Member To Class: ClassName=Sheet Member=Component C2 100nF
Added Member To Class: ClassName=Sheet Member=Component C3 100nF
Added Member To Class: ClassName=Sheet Member=Component D1 RGB
Added Member To Class: ClassName=Sheet Member=Component DS1 4Digit, Red
Added Member To Class: ClassName=Sheet Member=Component P1 UNO
Added Member To Class: ClassName=Sheet Member=Component R1 470
Added Member To Class: ClassName=Sheet Member=Component R2 470
Added Member To Class: ClassName=Sheet Member=Component R3 470
Added Member To Class: ClassName=Sheet Member=Component R4 470
Added Member To Class: ClassName=Sheet Member=Component R5 470
Added Member To Class: ClassName=Sheet Member=Component R6 470
Added Member To Class: ClassName=Sheet Member=Component R7 470
Added Member To Class: ClassName=Sheet Member=Component R8 470
Added Member To Class: ClassName=Sheet Member=Component R9 4.7k
Added Member To Class: ClassName=Sheet Member=Component R10 4.7k
Added Member To Class: ClassName=Sheet Member=Component R11 4.7k
Added Member To Class: ClassName=Sheet Member=Component R12 4.7k
Added Member To Class: ClassName=Sheet Member=Component R13 4.7k
Added Member To Class: ClassName=Sheet Member=Component R14 470
Added Member To Class: ClassName=Sheet Member=Component R15 470
Added Member To Class: ClassName=Sheet Member=Component R16 470
Added Member To Class: ClassName=Sheet Member=Component S1 PB
Added Member To Class: ClassName=Sheet Member=Component S2 PB
Added Member To Class: ClassName=Sheet Member=Component S3 PB
Added Member To Class: ClassName=Sheet Member=Component S4 PB
Added Member To Class: ClassName=Sheet Member=Component  74HCT244
Added Member To Class: ClassName=Sheet Member=Component U1 ULN2003
Added Member To Class: ClassName=Sheet Member=Component U2 OLED_SSD1306
