Removed Pin From Net: NetName=reset Pin=P1-3
Removed Pin From Net: NetName=3.3 Pin=P1-4
Removed Pin From Net: NetName=+5 Pin=P1-5
Removed Pin From Net: NetName=GND Pin=P1-7
Removed Pin From Net: NetName=NetDS1_6 Pin=U1-13
Removed Pin From Net: NetName=NetDS1_8 Pin=U1-14
Removed Pin From Net: NetName=NetDS1_9 Pin=U1-15
Removed Pin From Net: NetName=NetDS1_12 Pin=U1-16
Change Component Footprint: Designator=P1 Old Footprint=Arduino_uno_S_1 New Footprint=Arduino_uno_U_1
Added Component: Designator=P2(Arduino_uno_U_1)
Add component (AddParameter): Name = "Inflow"; Value = "inflow?"; VariantName = "[No Variations]"
Add component (AddParameter): Name = "Package"; Value = "Package?"; VariantName = "[No Variations]"
Add component (AddParameter): Name = "Rating"; Value = "Rating?"; VariantName = "[No Variations]"
Add component (AddParameter): Name = "Type"; Value = "Type?"; VariantName = "[No Variations]"
Add component (AddParameter): Name = "Validation"; Value = "Valid"; VariantName = "[No Variations]"
Add component (AddParameter): Name = "Value"; Value = "UNO"; VariantName = "[No Variations]"
Added Component: Designator=P3(Arduino_uno_S_1)
Add component (AddParameter): Name = "Inflow"; Value = "inflow?"; VariantName = "[No Variations]"
Add component (AddParameter): Name = "Package"; Value = "Package?"; VariantName = "[No Variations]"
Add component (AddParameter): Name = "Rating"; Value = "Rating?"; VariantName = "[No Variations]"
Add component (AddParameter): Name = "Type"; Value = "Type?"; VariantName = "[No Variations]"
Add component (AddParameter): Name = "Validation"; Value = "Valid"; VariantName = "[No Variations]"
Add component (AddParameter): Name = "Value"; Value = "UNO"; VariantName = "[No Variations]"
Added Component: Designator=P4(Arduino_uno_S_1)
Add component (AddParameter): Name = "Inflow"; Value = "inflow?"; VariantName = "[No Variations]"
Add component (AddParameter): Name = "Package"; Value = "Package?"; VariantName = "[No Variations]"
Add component (AddParameter): Name = "Rating"; Value = "Rating?"; VariantName = "[No Variations]"
Add component (AddParameter): Name = "Type"; Value = "Type?"; VariantName = "[No Variations]"
Add component (AddParameter): Name = "Validation"; Value = "Valid"; VariantName = "[No Variations]"
Add component (AddParameter): Name = "Value"; Value = "UNO"; VariantName = "[No Variations]"
Added Component: Designator=P5(Arduino_uno_S_1)
Add component (AddParameter): Name = "Inflow"; Value = "inflow?"; VariantName = "[No Variations]"
Add component (AddParameter): Name = "Package"; Value = "Package?"; VariantName = "[No Variations]"
Add component (AddParameter): Name = "Rating"; Value = "Rating?"; VariantName = "[No Variations]"
Add component (AddParameter): Name = "Type"; Value = "Type?"; VariantName = "[No Variations]"
Add component (AddParameter): Name = "Validation"; Value = "Valid"; VariantName = "[No Variations]"
Add component (AddParameter): Name = "Value"; Value = "UNO"; VariantName = "[No Variations]"
Added Component: Designator=P6(Arduino_uno_U_1)
Add component (AddParameter): Name = "Inflow"; Value = "inflow?"; VariantName = "[No Variations]"
Add component (AddParameter): Name = "Package"; Value = "Package?"; VariantName = "[No Variations]"
Add component (AddParameter): Name = "Rating"; Value = "Rating?"; VariantName = "[No Variations]"
Add component (AddParameter): Name = "Type"; Value = "Type?"; VariantName = "[No Variations]"
Add component (AddParameter): Name = "Validation"; Value = "Valid"; VariantName = "[No Variations]"
Add component (AddParameter): Name = "Value"; Value = "UNO"; VariantName = "[No Variations]"
Added Component: Designator=P7(Arduino_uno_S_1)
Add component (AddParameter): Name = "Inflow"; Value = "inflow?"; VariantName = "[No Variations]"
Add component (AddParameter): Name = "Package"; Value = "Package?"; VariantName = "[No Variations]"
Add component (AddParameter): Name = "Rating"; Value = "Rating?"; VariantName = "[No Variations]"
Add component (AddParameter): Name = "Type"; Value = "Type?"; VariantName = "[No Variations]"
Add component (AddParameter): Name = "Validation"; Value = "Valid"; VariantName = "[No Variations]"
Add component (AddParameter): Name = "Value"; Value = "UNO"; VariantName = "[No Variations]"
Added Component: Designator=P8(Arduino_uno_S_1)
Add component (AddParameter): Name = "Inflow"; Value = "inflow?"; VariantName = "[No Variations]"
Add component (AddParameter): Name = "Package"; Value = "Package?"; VariantName = "[No Variations]"
Add component (AddParameter): Name = "Rating"; Value = "Rating?"; VariantName = "[No Variations]"
Add component (AddParameter): Name = "Type"; Value = "Type?"; VariantName = "[No Variations]"
Add component (AddParameter): Name = "Validation"; Value = "Valid"; VariantName = "[No Variations]"
Add component (AddParameter): Name = "Value"; Value = "UNO"; VariantName = "[No Variations]"
Added Component: Designator=P9(Arduino_uno_U_1)
Add component (AddParameter): Name = "Inflow"; Value = "inflow?"; VariantName = "[No Variations]"
Add component (AddParameter): Name = "Package"; Value = "Package?"; VariantName = "[No Variations]"
Add component (AddParameter): Name = "Rating"; Value = "Rating?"; VariantName = "[No Variations]"
Add component (AddParameter): Name = "Type"; Value = "Type?"; VariantName = "[No Variations]"
Add component (AddParameter): Name = "Validation"; Value = "Valid"; VariantName = "[No Variations]"
Add component (AddParameter): Name = "Value"; Value = "UNO"; VariantName = "[No Variations]"
Added Component: Designator=P10(Arduino_uno_S_1)
Add component (AddParameter): Name = "Inflow"; Value = "inflow?"; VariantName = "[No Variations]"
Add component (AddParameter): Name = "Package"; Value = "Package?"; VariantName = "[No Variations]"
Add component (AddParameter): Name = "Rating"; Value = "Rating?"; VariantName = "[No Variations]"
Add component (AddParameter): Name = "Type"; Value = "Type?"; VariantName = "[No Variations]"
Add component (AddParameter): Name = "Validation"; Value = "Valid"; VariantName = "[No Variations]"
Add component (AddParameter): Name = "Value"; Value = "UNO"; VariantName = "[No Variations]"
Added Component: Designator=P11(Arduino_uno_S_1)
Add component (AddParameter): Name = "Inflow"; Value = "inflow?"; VariantName = "[No Variations]"
Add component (AddParameter): Name = "Package"; Value = "Package?"; VariantName = "[No Variations]"
Add component (AddParameter): Name = "Rating"; Value = "Rating?"; VariantName = "[No Variations]"
Add component (AddParameter): Name = "Type"; Value = "Type?"; VariantName = "[No Variations]"
Add component (AddParameter): Name = "Validation"; Value = "Valid"; VariantName = "[No Variations]"
Add component (AddParameter): Name = "Value"; Value = "UNO"; VariantName = "[No Variations]"
Added Pin To Net: NetName=reset Pin=P1-2
Added Pin To Net: NetName=3.3 Pin=P1-3
Added Pin To Net: NetName=+5 Pin=P1-4
Added Pin To Net: NetName=GND Pin=P1-5
Added Pin To Net: NetName=NetDS1_6 Pin=P3-28
Added Pin To Net: NetName=NetDS1_8 Pin=P3-29
Added Pin To Net: NetName=NetDS1_9 Pin=P3-30
Added Pin To Net: NetName=NetDS1_12 Pin=P3-31
Added Pin To Net: NetName=NetP3_1 Pin=P3-1
Added Pin To Net: NetName=NetP3_1 Pin=U1-16
Added Net: Name=NetP3_1
Added Pin To Net: NetName=NetP3_3 Pin=P3-3
Added Pin To Net: NetName=NetP3_3 Pin=U1-15
Added Net: Name=NetP3_3
Added Pin To Net: NetName=NetP3_4 Pin=P3-4
Added Pin To Net: NetName=NetP3_4 Pin=U1-14
Added Net: Name=NetP3_4
Added Pin To Net: NetName=NetP3_5 Pin=P3-5
Added Pin To Net: NetName=NetP3_5 Pin=U1-13
Added Net: Name=NetP3_5
Added Pin To Net: NetName=NetP3_10 Pin=P3-10
Added Pin To Net: NetName=NetP3_10 Pin=P10-1
Added Net: Name=NetP3_10
Added Pin To Net: NetName=NetP3_11 Pin=P3-11
Added Pin To Net: NetName=NetP3_11 Pin=P10-3
Added Net: Name=NetP3_11
Added Pin To Net: NetName=NetP3_12 Pin=P3-12
Added Pin To Net: NetName=NetP3_12 Pin=P10-4
Added Net: Name=NetP3_12
Added Pin To Net: NetName=NetP3_13 Pin=P3-13
Added Pin To Net: NetName=NetP3_13 Pin=P10-5
Added Net: Name=NetP3_13
Added Pin To Net: NetName=NetP3_14 Pin=P3-14
Added Pin To Net: NetName=NetP3_14 Pin=P10-6
Added Net: Name=NetP3_14
Added Pin To Net: NetName=NetP3_15 Pin=P3-15
Added Pin To Net: NetName=NetP3_15 Pin=P10-26
Added Net: Name=NetP3_15
Added Pin To Net: NetName=NetP3_16 Pin=P3-16
Added Pin To Net: NetName=NetP3_16 Pin=P10-27
Added Net: Name=NetP3_16
Added Pin To Net: NetName=NetP3_17 Pin=P3-17
Added Pin To Net: NetName=NetP3_17 Pin=P10-28
Added Net: Name=NetP3_17
Added Pin To Net: NetName=NetP3_18 Pin=P3-18
Added Pin To Net: NetName=NetP3_18 Pin=P10-29
Added Net: Name=NetP3_18
Added Pin To Net: NetName=NetP3_19 Pin=P3-19
Added Pin To Net: NetName=NetP3_19 Pin=P10-30
Added Net: Name=NetP3_19
Added Pin To Net: NetName=NetP3_20 Pin=P3-20
Added Pin To Net: NetName=NetP3_20 Pin=P10-31
Added Net: Name=NetP3_20
Added Pin To Net: NetName=NetP3_21 Pin=P3-21
Added Pin To Net: NetName=NetP3_21 Pin=P10-32
Added Net: Name=NetP3_21
Added Pin To Net: NetName=NetP4_2 Pin=P4-2
Added Pin To Net: NetName=NetP4_2 Pin=P6-5
Added Pin To Net: NetName=NetP4_2 Pin=P7-6
Added Pin To Net: NetName=NetP4_2 Pin=P8-5
Added Net: Name=NetP4_2
Added Pin To Net: NetName=NetP4_4 Pin=P4-4
Added Pin To Net: NetName=NetP4_4 Pin=P6-1
Added Pin To Net: NetName=NetP4_4 Pin=P7-1
Added Net: Name=NetP4_4
Added Pin To Net: NetName=NetP4_5 Pin=P4-5
Added Pin To Net: NetName=NetP4_5 Pin=P6-2
Added Pin To Net: NetName=NetP4_5 Pin=P7-3
Added Pin To Net: NetName=NetP4_5 Pin=P8-1
Added Net: Name=NetP4_5
Added Pin To Net: NetName=NetP4_6 Pin=P4-6
Added Pin To Net: NetName=NetP4_6 Pin=P6-3
Added Pin To Net: NetName=NetP4_6 Pin=P7-4
Added Pin To Net: NetName=NetP4_6 Pin=P8-3
Added Net: Name=NetP4_6
Added Pin To Net: NetName=NetP4_7 Pin=P4-7
Added Pin To Net: NetName=NetP4_7 Pin=P6-4
Added Pin To Net: NetName=NetP4_7 Pin=P7-5
Added Pin To Net: NetName=NetP4_7 Pin=P8-4
Added Net: Name=NetP4_7
Added Pin To Net: NetName=NetP4_8 Pin=P4-8
Added Pin To Net: NetName=NetP4_8 Pin=P6-6
Added Pin To Net: NetName=NetP4_8 Pin=P7-7
Added Pin To Net: NetName=NetP4_8 Pin=P8-6
Added Net: Name=NetP4_8
Added Pin To Net: NetName=NetP4_9 Pin=P4-9
Added Pin To Net: NetName=NetP4_9 Pin=P8-8
Added Net: Name=NetP4_9
Added Pin To Net: NetName=NetP4_11 Pin=P4-11
Added Pin To Net: NetName=NetP4_11 Pin=P6-9
Added Pin To Net: NetName=NetP4_11 Pin=P7-9
Added Net: Name=NetP4_11
Added Pin To Net: NetName=NetP4_12 Pin=P4-12
Added Pin To Net: NetName=NetP4_12 Pin=P6-10
Added Pin To Net: NetName=NetP4_12 Pin=P7-10
Added Pin To Net: NetName=NetP4_12 Pin=P8-9
Added Net: Name=NetP4_12
Added Pin To Net: NetName=NetP4_13 Pin=P4-13
Added Pin To Net: NetName=NetP4_13 Pin=P6-11
Added Pin To Net: NetName=NetP4_13 Pin=P7-11
Added Pin To Net: NetName=NetP4_13 Pin=P8-10
Added Net: Name=NetP4_13
Added Pin To Net: NetName=NetP4_14 Pin=P4-14
Added Pin To Net: NetName=NetP4_14 Pin=P6-12
Added Pin To Net: NetName=NetP4_14 Pin=P7-12
Added Pin To Net: NetName=NetP4_14 Pin=P8-11
Added Net: Name=NetP4_14
Added Pin To Net: NetName=NetP4_15 Pin=P4-15
Added Pin To Net: NetName=NetP4_15 Pin=P6-17
Added Pin To Net: NetName=NetP4_15 Pin=P7-17
Added Pin To Net: NetName=NetP4_15 Pin=P8-18
Added Net: Name=NetP4_15
Added Pin To Net: NetName=NetP4_16 Pin=P4-16
Added Pin To Net: NetName=NetP4_16 Pin=P6-18
Added Pin To Net: NetName=NetP4_16 Pin=P7-18
Added Pin To Net: NetName=NetP4_16 Pin=P8-19
Added Net: Name=NetP4_16
Added Pin To Net: NetName=NetP4_17 Pin=P4-17
Added Pin To Net: NetName=NetP4_17 Pin=P6-19
Added Pin To Net: NetName=NetP4_17 Pin=P7-19
Added Pin To Net: NetName=NetP4_17 Pin=P8-20
Added Net: Name=NetP4_17
Added Pin To Net: NetName=NetP4_18 Pin=P4-18
Added Pin To Net: NetName=NetP4_18 Pin=P6-20
Added Pin To Net: NetName=NetP4_18 Pin=P7-20
Added Pin To Net: NetName=NetP4_18 Pin=P8-21
Added Net: Name=NetP4_18
Added Pin To Net: NetName=NetP4_19 Pin=P4-19
Added Pin To Net: NetName=NetP4_19 Pin=P6-21
Added Pin To Net: NetName=NetP4_19 Pin=P7-21
Added Pin To Net: NetName=NetP4_19 Pin=P8-22
Added Net: Name=NetP4_19
Added Pin To Net: NetName=NetP4_20 Pin=P4-20
Added Pin To Net: NetName=NetP4_20 Pin=P6-22
Added Pin To Net: NetName=NetP4_20 Pin=P7-22
Added Pin To Net: NetName=NetP4_20 Pin=P8-23
Added Net: Name=NetP4_20
Added Pin To Net: NetName=NetP4_21 Pin=P4-21
Added Pin To Net: NetName=NetP4_21 Pin=P6-23
Added Pin To Net: NetName=NetP4_21 Pin=P7-23
Added Pin To Net: NetName=NetP4_21 Pin=P8-24
Added Net: Name=NetP4_21
Added Pin To Net: NetName=NetP4_22 Pin=P4-22
Added Pin To Net: NetName=NetP4_22 Pin=P6-24
Added Pin To Net: NetName=NetP4_22 Pin=P7-24
Added Pin To Net: NetName=NetP4_22 Pin=P8-25
Added Net: Name=NetP4_22
Added Pin To Net: NetName=NetP4_23 Pin=P4-23
Added Pin To Net: NetName=NetP4_23 Pin=P6-25
Added Pin To Net: NetName=NetP4_23 Pin=P7-25
Added Pin To Net: NetName=NetP4_23 Pin=P8-26
Added Net: Name=NetP4_23
Added Pin To Net: NetName=NetP4_24 Pin=P4-24
Added Pin To Net: NetName=NetP4_24 Pin=P6-26
Added Pin To Net: NetName=NetP4_24 Pin=P7-26
Added Pin To Net: NetName=NetP4_24 Pin=P8-27
Added Net: Name=NetP4_24
Added Pin To Net: NetName=NetP4_25 Pin=P4-25
Added Pin To Net: NetName=NetP4_25 Pin=P6-27
Added Pin To Net: NetName=NetP4_25 Pin=P7-27
Added Pin To Net: NetName=NetP4_25 Pin=P8-28
Added Net: Name=NetP4_25
Added Pin To Net: NetName=NetP4_26 Pin=P4-26
Added Pin To Net: NetName=NetP4_26 Pin=P6-28
Added Pin To Net: NetName=NetP4_26 Pin=P7-28
Added Pin To Net: NetName=NetP4_26 Pin=P8-29
Added Net: Name=NetP4_26
Added Pin To Net: NetName=NetP4_27 Pin=P4-27
Added Pin To Net: NetName=NetP4_27 Pin=P6-29
Added Pin To Net: NetName=NetP4_27 Pin=P7-29
Added Pin To Net: NetName=NetP4_27 Pin=P8-30
Added Net: Name=NetP4_27
Added Pin To Net: NetName=NetP4_28 Pin=P4-28
Added Pin To Net: NetName=NetP4_28 Pin=P6-30
Added Pin To Net: NetName=NetP4_28 Pin=P7-30
Added Pin To Net: NetName=NetP4_28 Pin=P8-31
Added Net: Name=NetP4_28
Added Pin To Net: NetName=NetP4_29 Pin=P4-29
Added Pin To Net: NetName=NetP4_29 Pin=P6-31
Added Pin To Net: NetName=NetP4_29 Pin=P7-31
Added Pin To Net: NetName=NetP4_29 Pin=P8-32
Added Net: Name=NetP4_29
Added Pin To Net: NetName=NetP4_30 Pin=P4-30
Added Pin To Net: NetName=NetP4_30 Pin=P6-32
Added Pin To Net: NetName=NetP4_30 Pin=P7-32
Added Net: Name=NetP4_30
Added Pin To Net: NetName=NetP5_2 Pin=P5-2
Added Pin To Net: NetName=NetP5_2 Pin=P9-4
Added Pin To Net: NetName=NetP5_2 Pin=P11-4
Added Net: Name=NetP5_2
Added Pin To Net: NetName=NetP5_5 Pin=P5-5
Added Pin To Net: NetName=NetP5_5 Pin=P9-1
Added Net: Name=NetP5_5
Added Pin To Net: NetName=NetP5_6 Pin=P5-6
Added Pin To Net: NetName=NetP5_6 Pin=P9-2
Added Pin To Net: NetName=NetP5_6 Pin=P11-1
Added Net: Name=NetP5_6
Added Pin To Net: NetName=NetP5_7 Pin=P5-7
Added Pin To Net: NetName=NetP5_7 Pin=P9-3
Added Pin To Net: NetName=NetP5_7 Pin=P11-3
Added Net: Name=NetP5_7
Added Pin To Net: NetName=NetP5_8 Pin=P5-8
Added Pin To Net: NetName=NetP5_8 Pin=P9-5
Added Pin To Net: NetName=NetP5_8 Pin=P11-5
Added Net: Name=NetP5_8
Added Pin To Net: NetName=NetP5_9 Pin=P5-9
Added Pin To Net: NetName=NetP5_9 Pin=P9-8
Added Pin To Net: NetName=NetP5_9 Pin=P11-2
Added Net: Name=NetP5_9
Added Pin To Net: NetName=NetP5_10 Pin=P5-10
Added Pin To Net: NetName=NetP5_10 Pin=P11-8
Added Net: Name=NetP5_10
Added Pin To Net: NetName=NetP5_12 Pin=P5-12
Added Pin To Net: NetName=NetP5_12 Pin=P9-9
Added Net: Name=NetP5_12
Added Pin To Net: NetName=NetP5_13 Pin=P5-13
Added Pin To Net: NetName=NetP5_13 Pin=P9-10
Added Pin To Net: NetName=NetP5_13 Pin=P11-9
Added Net: Name=NetP5_13
Added Pin To Net: NetName=NetP5_14 Pin=P5-14
Added Pin To Net: NetName=NetP5_14 Pin=P9-11
Added Pin To Net: NetName=NetP5_14 Pin=P11-10
Added Net: Name=NetP5_14
Added Pin To Net: NetName=NetP5_15 Pin=P5-15
Added Pin To Net: NetName=NetP5_15 Pin=P9-18
Added Pin To Net: NetName=NetP5_15 Pin=P11-19
Added Net: Name=NetP5_15
Added Pin To Net: NetName=NetP5_16 Pin=P5-16
Added Pin To Net: NetName=NetP5_16 Pin=P9-19
Added Pin To Net: NetName=NetP5_16 Pin=P11-20
Added Net: Name=NetP5_16
Added Pin To Net: NetName=NetP5_17 Pin=P5-17
Added Pin To Net: NetName=NetP5_17 Pin=P9-20
Added Pin To Net: NetName=NetP5_17 Pin=P11-21
Added Net: Name=NetP5_17
Added Pin To Net: NetName=NetP5_18 Pin=P5-18
Added Pin To Net: NetName=NetP5_18 Pin=P9-21
Added Pin To Net: NetName=NetP5_18 Pin=P11-22
Added Net: Name=NetP5_18
Added Pin To Net: NetName=NetP5_19 Pin=P5-19
Added Pin To Net: NetName=NetP5_19 Pin=P9-22
Added Pin To Net: NetName=NetP5_19 Pin=P11-23
Added Net: Name=NetP5_19
Added Pin To Net: NetName=NetP5_20 Pin=P5-20
Added Pin To Net: NetName=NetP5_20 Pin=P9-23
Added Pin To Net: NetName=NetP5_20 Pin=P11-24
Added Net: Name=NetP5_20
Added Pin To Net: NetName=NetP5_21 Pin=P5-21
Added Pin To Net: NetName=NetP5_21 Pin=P9-24
Added Pin To Net: NetName=NetP5_21 Pin=P11-25
Added Net: Name=NetP5_21
Added Pin To Net: NetName=NetP5_22 Pin=P5-22
Added Pin To Net: NetName=NetP5_22 Pin=P9-25
Added Pin To Net: NetName=NetP5_22 Pin=P11-26
Added Net: Name=NetP5_22
Added Pin To Net: NetName=NetP5_23 Pin=P5-23
Added Pin To Net: NetName=NetP5_23 Pin=P9-26
Added Pin To Net: NetName=NetP5_23 Pin=P11-27
Added Net: Name=NetP5_23
Added Pin To Net: NetName=NetP5_24 Pin=P5-24
Added Pin To Net: NetName=NetP5_24 Pin=P9-27
Added Pin To Net: NetName=NetP5_24 Pin=P11-28
Added Net: Name=NetP5_24
Added Pin To Net: NetName=NetP5_25 Pin=P5-25
Added Pin To Net: NetName=NetP5_25 Pin=P9-28
Added Pin To Net: NetName=NetP5_25 Pin=P11-29
Added Net: Name=NetP5_25
Added Pin To Net: NetName=NetP5_26 Pin=P5-26
Added Pin To Net: NetName=NetP5_26 Pin=P9-29
Added Pin To Net: NetName=NetP5_26 Pin=P11-30
Added Net: Name=NetP5_26
Added Pin To Net: NetName=NetP5_27 Pin=P5-27
Added Pin To Net: NetName=NetP5_27 Pin=P9-30
Added Pin To Net: NetName=NetP5_27 Pin=P11-31
Added Net: Name=NetP5_27
Added Pin To Net: NetName=NetP5_28 Pin=P5-28
Added Pin To Net: NetName=NetP5_28 Pin=P9-31
Added Pin To Net: NetName=NetP5_28 Pin=P11-32
Added Net: Name=NetP5_28
Added Pin To Net: NetName=NetP5_29 Pin=P5-29
Added Pin To Net: NetName=NetP5_29 Pin=P9-32
Added Net: Name=NetP5_29
Added Pin To Net: NetName=NetP6_7 Pin=P6-7
Added Pin To Net: NetName=NetP6_7 Pin=P7-2
Added Pin To Net: NetName=NetP6_7 Pin=P8-7
Added Net: Name=NetP6_7
Added Pin To Net: NetName=NetP6_8 Pin=P6-8
Added Pin To Net: NetName=NetP6_8 Pin=P7-8
Added Pin To Net: NetName=NetP6_8 Pin=P8-2
Added Net: Name=NetP6_8
Added Pin To Net: NetName=NetP6_13 Pin=P6-13
Added Pin To Net: NetName=NetP6_13 Pin=P7-13
Added Pin To Net: NetName=NetP6_13 Pin=P8-12
Added Net: Name=NetP6_13
Added Pin To Net: NetName=NetP6_14 Pin=P6-14
Added Pin To Net: NetName=NetP6_14 Pin=P7-14
Added Pin To Net: NetName=NetP6_14 Pin=P8-13
Added Net: Name=NetP6_14
Added Pin To Net: NetName=NetP6_15 Pin=P6-15
Added Pin To Net: NetName=NetP6_15 Pin=P7-15
Added Pin To Net: NetName=NetP6_15 Pin=P8-16
Added Net: Name=NetP6_15
Added Pin To Net: NetName=NetP6_16 Pin=P6-16
Added Pin To Net: NetName=NetP6_16 Pin=P7-16
Added Pin To Net: NetName=NetP6_16 Pin=P8-17
Added Net: Name=NetP6_16
Added Pin To Net: NetName=NetP9_6 Pin=P9-6
Added Pin To Net: NetName=NetP9_6 Pin=P11-6
Added Net: Name=NetP9_6
Added Pin To Net: NetName=NetP9_7 Pin=P9-7
Added Pin To Net: NetName=NetP9_7 Pin=P11-7
Added Net: Name=NetP9_7
Added Pin To Net: NetName=NetP9_12 Pin=P9-12
Added Pin To Net: NetName=NetP9_12 Pin=P11-11
Added Net: Name=NetP9_12
Added Pin To Net: NetName=NetP9_13 Pin=P9-13
Added Pin To Net: NetName=NetP9_13 Pin=P11-12
Added Net: Name=NetP9_13
Added Pin To Net: NetName=NetP9_14 Pin=P9-14
Added Pin To Net: NetName=NetP9_14 Pin=P11-13
Added Net: Name=NetP9_14
Added Pin To Net: NetName=NetP9_15 Pin=P9-15
Added Pin To Net: NetName=NetP9_15 Pin=P11-16
Added Net: Name=NetP9_15
Added Pin To Net: NetName=NetP9_16 Pin=P9-16
Added Pin To Net: NetName=NetP9_16 Pin=P11-17
Added Net: Name=NetP9_16
Added Pin To Net: NetName=NetP9_17 Pin=P9-17
Added Pin To Net: NetName=NetP9_17 Pin=P11-18
Added Net: Name=NetP9_17
Added Member To Class: ClassName=Sheet Member=Component P2 UNO
Added Member To Class: ClassName=Sheet Member=Component P3 UNO
Added Member To Class: ClassName=Sheet Member=Component P4 UNO
Added Member To Class: ClassName=Sheet Member=Component P5 UNO
Added Member To Class: ClassName=Sheet Member=Component P6 UNO
Added Member To Class: ClassName=Sheet Member=Component P7 UNO
Added Member To Class: ClassName=Sheet Member=Component P8 UNO
Added Member To Class: ClassName=Sheet Member=Component P9 UNO
Added Member To Class: ClassName=Sheet Member=Component P10 UNO
Added Member To Class: ClassName=Sheet Member=Component P11 UNO
