Change Component Designator: Old Designator=C23 New Designator=C11
Change Component Designator: Old Designator=C24 New Designator=C12
Change Component Designator: Old Designator=C25 New Designator=C13
Change Component Designator: Old Designator=C26 New Designator=C14
Change Component Designator: Old Designator=C27 New Designator=C15
Change Component Designator: Old Designator=C28 New Designator=C16
Change Component Designator: Old Designator=C29 New Designator=C7
Change Component Designator: Old Designator=C30 New Designator=C8
Change Component Designator: Old Designator=C31 New Designator=C9
Change Component Designator: Old Designator=C32 New Designator=C10
Change Component Designator: Old Designator=D4 New Designator=D1
Change Component Designator: Old Designator=D5 New Designator=D3
Change Component Designator: Old Designator=D6 New Designator=D2
Change Component Designator: Old Designator=J4 New Designator=J2
Change Component Designator: Old Designator=J5 New Designator=J3
Change Component Designator: Old Designator=Q2 New Designator=Q1
Change Component Designator: Old Designator=R16 New Designator=R4
Change Component Designator: Old Designator=R17 New Designator=R5
Change Component Designator: Old Designator=R18 New Designator=R6
Change Component Designator: Old Designator=R19 New Designator=R10
Change Component Designator: Old Designator=R20 New Designator=R11
Change Component Designator: Old Designator=R21 New Designator=R12
Change Component Designator: Old Designator=R22 New Designator=R7
Change Component Designator: Old Designator=R23 New Designator=R8
Change Component Designator: Old Designator=R24 New Designator=R9
