Remove Pin=F2-1 From Net=phase
Remove Pin=J1-1 From Net=MISO
Remove Pin=J1-3 From Net=SCK
Remove Pin=J1-4 From Net=MOSI
Remove Pin=J1-5 From Net=reset
Remove Pin=J4-1 From Net=Motor/H
Remove Pin=J4-2 From Net=Motor/L
Remove Pin=J4-4 From Net=null
Remove Pin=J6-4 From Net=null
Remove Pin=Q2-1 From Net=speed
Remove Pin=Q2-2 From Net=motor
Remove Pin=Q2-3 From Net=pump
Remove Pin=R7-2 From Net=uRX
Remove Pin=R8-2 From Net=uTX
Remove Pin=R10-1 From Net=SIM DATA
Remove Pin=R11-1 From Net=SIM CLK
Remove Pin=R12-1 From Net=SIM RST
Remove Pin=R16-1 From Net=null
Remove Pin=R20-1 From Net=null
Remove Pin=SW1-2 From Net=reset
Remove Pin=SW?-2 From Net=Learn
Remove Pin=U1-1 From Net=Learn
Remove Pin=U1-2 From Net=LCD_RS
Remove Pin=U1-7 From Net=XTL1
Remove Pin=U1-8 From Net=XTL2
Remove Pin=U1-9 From Net=LCD_E
Remove Pin=U1-10 From Net=MH_micro
Remove Pin=U1-11 From Net=ML_micro
Remove Pin=U1-12 From Net=speed
Remove Pin=U1-13 From Net=motor
Remove Pin=U1-14 From Net=pump
Remove Pin=U1-15 From Net=MISO
Remove Pin=U1-16 From Net=MOSI
Remove Pin=U1-17 From Net=SCK
Remove Pin=U1-23 From Net=LCD_D4
Remove Pin=U1-24 From Net=LCD_D5
Remove Pin=U1-25 From Net=LCD_D6
Remove Pin=U1-26 From Net=LCD_D7
Remove Pin=U1-27 From Net=SDA
Remove Pin=U1-28 From Net=SCL
Remove Pin=U1-29 From Net=reset
Remove Pin=U1-30 From Net=uRX
Remove Pin=U1-31 From Net=uTX
Remove Pin=U4-4 From Net=LCD_RS
Remove Pin=U4-6 From Net=LCD_E
Remove Pin=U4-11 From Net=LCD_D4
Remove Pin=U4-12 From Net=LCD_D5
Remove Pin=U4-13 From Net=LCD_D6
Remove Pin=U4-14 From Net=LCD_D7
