Removed Pin From Net: NetName=+12 Pin=D1-2
Removed Pin From Net: NetName=+12 Pin=D2-1
Removed Pin From Net: NetName=+12 Pin=D3-2
Removed Pin From Net: NetName=+12 Pin=D4-1
Removed Pin From Net: NetName=+12 Pin=D5-2
Removed Pin From Net: NetName=+12 Pin=D6-1
Removed Pin From Net: NetName=phase Pin=F1-1
Removed Pin From Net: NetName=null Pin=J2-4
Removed Pin From Net: NetName=NetJ2_1 Pin=K1-3
Removed Pin From Net: NetName=speed Pin=Q1-1
Removed Pin From Net: NetName=motor Pin=Q1-2
Removed Pin From Net: NetName=pump Pin=Q1-3
Removed Pin From Net: NetName=GND Pin=Q1-8
Removed Pin From Net: NetName=+12 Pin=Q1-9
Removed Member From Class: ClassName=U_output Member=D1
Removed Member From Class: ClassName=U_output Member=D2
Removed Member From Class: ClassName=U_output Member=D3
Removed Member From Class: ClassName=U_output Member=D4
Removed Member From Class: ClassName=U_output Member=D5
Removed Member From Class: ClassName=U_output Member=D6
Removed Member From Class: ClassName=U_output Member=F1
Removed Member From Class: ClassName=U_output Member=J2
Removed Member From Class: ClassName=U_output Member=Q1
Removed Member From Class: ClassName=U_output Member=R2
Removed Member From Class: ClassName=U_output Member=R3
Removed Member From Class: ClassName=U_output Member=R4
Change Component Footprint: Designator=D1 Old Footprint=D_SOD123W New Footprint=LED0805BLU
Change Component Footprint: Designator=D3 Old Footprint=D_SOD123W New Footprint=SC70-5_N
Change Component Footprint: Designator=J2 Old Footprint=GMSTB762_4 New Footprint=UFL
Change Component Footprint: Designator=D2 Old Footprint=LED0805GRN New Footprint=D_SOD523
Change Component Footprint: Designator=K1 Old Footprint=REL_SPDT_5_2216 New Footprint=Relay 15.40x12.10x13.10
Change Component Footprint: Designator=K2 Old Footprint=REL_SPDT_5_2216 New Footprint=Relay 15.40x12.10x13.10
Change Component Footprint: Designator=K3 Old Footprint=REL_SPDT_5_2216 New Footprint=Relay 15.40x12.10x13.10
Change Component Footprint: Designator=Q1 Old Footprint=SO_16_W New Footprint=SOT23_3
Change Component Comment : Designator=R2 Old Comment=1.8K New Comment=4.7K
Change Component Comment : Designator=R4 Old Comment=1.8K New Comment=100
Change Component Comment : Designator=D1 Old Comment=1N5819 New Comment=LED805BLU
Change Component Comment : Designator=D3 Old Comment=1N5819 New Comment=SMF-05
Change Component Comment : Designator=J2 Old Comment=CONN_GMSTB4 New Comment=U.FL
Change Component Comment : Designator=D2 Old Comment=LED805GRN New Comment=1N4148
Change Component Comment : Designator=K1 Old Comment=RELAY_SPDT New Comment=Value?
Change Component Comment : Designator=K2 Old Comment=RELAY_SPDT New Comment=Value?
Change Component Comment : Designator=K3 Old Comment=RELAY_SPDT New Comment=Value?
Change Component Comment : Designator=Q1 Old Comment=ULN2003 New Comment=BC817
Change Component Designator: OldDesignator=C5 NewDesignator=C21
Change Component Designator: OldDesignator=C6 NewDesignator=C22
Change Component Designator: OldDesignator=C7 NewDesignator=C23
Change Component Designator: OldDesignator=C8 NewDesignator=C24
Change Component Designator: OldDesignator=C9 NewDesignator=C25
Change Component Designator: OldDesignator=C10 NewDesignator=C26
Change Component Designator: OldDesignator=C11 NewDesignator=C27
Change Component Designator: OldDesignator=C12 NewDesignator=C28
Change Component Designator: OldDesignator=C13 NewDesignator=C29
Change Component Designator: OldDesignator=C14 NewDesignator=C30
Change Component Designator: OldDesignator=C15 NewDesignator=C31
Change Component Designator: OldDesignator=C16 NewDesignator=C32
Change Component Designator: OldDesignator=C17 NewDesignator=C33
Change Component Designator: OldDesignator=C18 NewDesignator=C34
Change Component Designator: OldDesignator=C19 NewDesignator=C35
Change Component Designator: OldDesignator=C20 NewDesignator=C36
Change Component Designator: OldDesignator=C21 NewDesignator=C37
Change Component Designator: OldDesignator=C22 NewDesignator=C38
Change Component Designator: OldDesignator=D7 NewDesignator=D4
Change Component Designator: OldDesignator=D8 NewDesignator=D5
Change Component Designator: OldDesignator=D9 NewDesignator=D6
Change Component Designator: OldDesignator=D10 NewDesignator=D7
Change Component Designator: OldDesignator=F2 NewDesignator=F1
Change Component Designator: OldDesignator=J3 NewDesignator=J5
Change Component Designator: OldDesignator=R1 NewDesignator=R3
Change Component Designator: OldDesignator=R5 NewDesignator=R22
Change Component Designator: OldDesignator=R6 NewDesignator=R23
Change Component Designator: OldDesignator=R7 NewDesignator=R24
Change Component Designator: OldDesignator=R8 NewDesignator=R25
Change Component Designator: OldDesignator=R9 NewDesignator=R26
Change Component Designator: OldDesignator=R10 NewDesignator=R27
Change Component Designator: OldDesignator=R11 NewDesignator=R28
Change Component Designator: OldDesignator=R12 NewDesignator=R29
Change Component Designator: OldDesignator=R13 NewDesignator=R30
Change Component Designator: OldDesignator=R14 NewDesignator=R31
Change Component Designator: OldDesignator=U2 NewDesignator=U5
Change Component Designator: OldDesignator=U3 NewDesignator=U6
Change Component Designator: OldDesignator=U4 NewDesignator=U7
Change component parameters: Designator = "R2" ("R2"); Footprint = "R0805"; UniqueID = "\CTLOMUTK\AUBNRUAJ" ("\CTLOMUTK\AUBNRUAJ")
Change component parameters (AddParameter): Name = "ASSEMBLY"; Value = "ASSEMBLY"; VariantName = "[No Variations]"
Change component parameters (AddParameter): Name = "DESC"; Value = "DESCRIPTION"; VariantName = "[No Variations]"
Change component parameters (AddParameter): Name = "DIST#"; Value = "MOUSER"; VariantName = "[No Variations]"
Change component parameters (AddParameter): Name = "MANF"; Value = "-"; VariantName = "[No Variations]"
Change component parameters (AddParameter): Name = "MANF_P#"; Value = "-"; VariantName = "[No Variations]"
Change component parameters (AddParameter): Name = "PARAM"; Value = "-W"; VariantName = "[No Variations]"
Change component parameters (AddParameter): Name = "PARAM2"; Value = "1%"; VariantName = "[No Variations]"
Change component parameters (AddParameter): Name = "PRICE"; Value = "100= 0.5$"; VariantName = "[No Variations]"
Change component parameters (AddParameter): Name = "VALUE"; Value = "4.7K"; VariantName = "[No Variations]"
Change component parameters: Designator = "R4" ("R4"); Footprint = "R0805"; UniqueID = "\XWXKNNMM\SGZFANRO" ("\XWXKNNMM\SGZFANRO")
Change component parameters (AddParameter): Name = "ASSEMBLY"; Value = "ASSEMBLY"; VariantName = "[No Variations]"
Change component parameters (AddParameter): Name = "DESC"; Value = "DESCRIPTION"; VariantName = "[No Variations]"
Change component parameters (AddParameter): Name = "DIST#"; Value = "MOUSER"; VariantName = "[No Variations]"
Change component parameters (AddParameter): Name = "MANF"; Value = "-"; VariantName = "[No Variations]"
Change component parameters (AddParameter): Name = "MANF_P#"; Value = "-"; VariantName = "[No Variations]"
Change component parameters (AddParameter): Name = "PARAM"; Value = "-W"; VariantName = "[No Variations]"
Change component parameters (AddParameter): Name = "PARAM2"; Value = "1%"; VariantName = "[No Variations]"
Change component parameters (AddParameter): Name = "PRICE"; Value = "100= 0.5$"; VariantName = "[No Variations]"
Change component parameters (AddParameter): Name = "VALUE"; Value = "100"; VariantName = "[No Variations]"
Change component parameters: Designator = "Q1" ("Q1"); Footprint = "SO_16_W"; UniqueID = "\XWXKNNMM\RWKZRBNX" ("\XWXKNNMM\RWKZRBNX")
Change component parameters (AddParameter): Name = "ASSEMBLY"; Value = ""; VariantName = "[No Variations]"
Change component parameters (AddParameter): Name = "DESC"; Value = ""; VariantName = "[No Variations]"
Change component parameters (AddParameter): Name = "MANF"; Value = "NXP, ON"; VariantName = "[No Variations]"
Change component parameters (AddParameter): Name = "MANF_P#"; Value = "BC817"; VariantName = "[No Variations]"
Change component parameters (AddParameter): Name = "PARAM"; Value = "0.5A, Hfe100~600"; VariantName = "[No Variations]"
Change component parameters (AddParameter): Name = "PARAM2"; Value = "45v, 250mW"; VariantName = "[No Variations]"
Change component parameters (AddParameter): Name = "PRICE"; Value = ""; VariantName = "[No Variations]"
Change component parameters (AddParameter): Name = "VALUE"; Value = "BC817"; VariantName = "[No Variations]"
Change component parameters: Designator = "D1" ("D1"); Footprint = "D_SOD123W"; UniqueID = "\XWXKNNMM\TQIQIHXT" ("\XWXKNNMM\TQIQIHXT")
Change component parameters (AddParameter): Name = "ASSEMBLY"; Value = "ASSEMBLY"; VariantName = "[No Variations]"
Change component parameters (AddParameter): Name = "DESC"; Value = "DESCRIPTION"; VariantName = "[No Variations]"
Change component parameters (AddParameter): Name = "MANF"; Value = "MANF"; VariantName = "[No Variations]"
Change component parameters (AddParameter): Name = "MANF_P#"; Value = "MANF_PART#"; VariantName = "[No Variations]"
Change component parameters (AddParameter): Name = "PARAM"; Value = ""; VariantName = "[No Variations]"
Change component parameters (AddParameter): Name = "PARAM2"; Value = "2.2V"; VariantName = "[No Variations]"
Change component parameters (AddParameter): Name = "PRICE"; Value = "36t@Javan"; VariantName = "[No Variations]"
Change component parameters (AddParameter): Name = "VALUE"; Value = "LED805BLU"; VariantName = "[No Variations]"
Change component parameters: Designator = "D2" ("D2"); Footprint = "LED0805GRN"; UniqueID = "\XWXKNNMM\HVYXEZVZ" ("\XWXKNNMM\HVYXEZVZ")
Change component parameters (AddParameter): Name = "ASSEMBLY"; Value = "ASSEMBLY"; VariantName = "[No Variations]"
Change component parameters (AddParameter): Name = "DESC"; Value = "DESCRIPTION"; VariantName = "[No Variations]"
Change component parameters (AddParameter): Name = "MANF"; Value = "Diodes, MCC"; VariantName = "[No Variations]"
Change component parameters (AddParameter): Name = "MANF_P#"; Value = "1N4148X-TP, 1N4148WT-7, 1N4148WTQ-7"; VariantName = "[No Variations]"
Change component parameters (AddParameter): Name = "PARAM"; Value = "5.1~300mA"; VariantName = "[No Variations]"
Change component parameters (AddParameter): Name = "PARAM2"; Value = "75V"; VariantName = "[No Variations]"
Change component parameters (AddParameter): Name = "PRICE"; Value = "0.2$"; VariantName = "[No Variations]"
Change component parameters (AddParameter): Name = "VALUE"; Value = "1N4148"; VariantName = "[No Variations]"
Change component parameters: Designator = "J2" ("J2"); Footprint = "GMSTB762_4"; UniqueID = "\XWXKNNMM\VJGXRFZN" ("\XWXKNNMM\VJGXRFZN")
Change component parameters (AddParameter): Name = "ASSEMBLY"; Value = "ASSEMBLY"; VariantName = "[No Variations]"
Change component parameters (AddParameter): Name = "DESC"; Value = "DESCRIPTION"; VariantName = "[No Variations]"
Change component parameters (AddParameter): Name = "DIST#"; Value = "DIGIKEY, MOUSER"; VariantName = "[No Variations]"
Change component parameters (AddParameter): Name = "MANF"; Value = "Linx, Hirose, Cinch"; VariantName = "[No Variations]"
Change component parameters (AddParameter): Name = "MANF_P#"; Value = "CONUFL001-SMD, U.FL-R-SMT-1(10), 128-0711-201"; VariantName = "[No Variations]"
Change component parameters (AddParameter): Name = "PARAM"; Value = "50Ohm, 6GHz"; VariantName = "[No Variations]"
Change component parameters (AddParameter): Name = "PARAM2"; Value = "GOLD"; VariantName = "[No Variations]"
Change component parameters (AddParameter): Name = "PRICE"; Value = "0.9$"; VariantName = "[No Variations]"
Change component parameters (AddParameter): Name = "VALUE"; Value = "U.FL"; VariantName = "[No Variations]"
Change component parameters: Designator = "K1" ("K1"); Footprint = "REL_SPDT_5_2216"; UniqueID = "\KHRCUOTN\NHIYGJLO" ("\KHRCUOTN\NHIYGJLO")
Change component parameters (AddParameter): Name = "Inflow"; Value = "inflow?"; VariantName = "[No Variations]"
Change component parameters (AddParameter): Name = "Package"; Value = "Dip"; VariantName = "[No Variations]"
Change component parameters (AddParameter): Name = "Rating"; Value = "Rating?"; VariantName = "[No Variations]"
Change component parameters (AddParameter): Name = "Type"; Value = "SPDT"; VariantName = "[No Variations]"
Change component parameters (AddParameter): Name = "Validation"; Value = "Valid"; VariantName = "[No Variations]"
Change component parameters (AddParameter): Name = "Value"; Value = "Value?"; VariantName = "[No Variations]"
Change component parameters: Designator = "K2" ("K2"); Footprint = "REL_SPDT_5_2216"; UniqueID = "\KHRCUOTN\LGNFPVXW" ("\KHRCUOTN\LGNFPVXW")
Change component parameters (AddParameter): Name = "Inflow"; Value = "inflow?"; VariantName = "[No Variations]"
Change component parameters (AddParameter): Name = "Package"; Value = "Dip"; VariantName = "[No Variations]"
Change component parameters (AddParameter): Name = "Rating"; Value = "Rating?"; VariantName = "[No Variations]"
Change component parameters (AddParameter): Name = "Type"; Value = "SPDT"; VariantName = "[No Variations]"
Change component parameters (AddParameter): Name = "Validation"; Value = "Valid"; VariantName = "[No Variations]"
Change component parameters (AddParameter): Name = "Value"; Value = "Value?"; VariantName = "[No Variations]"
Change component parameters: Designator = "K3" ("K3"); Footprint = "REL_SPDT_5_2216"; UniqueID = "\KHRCUOTN\SYFEZOKU" ("\KHRCUOTN\SYFEZOKU")
Change component parameters (AddParameter): Name = "Inflow"; Value = "inflow?"; VariantName = "[No Variations]"
Change component parameters (AddParameter): Name = "Package"; Value = "Dip"; VariantName = "[No Variations]"
Change component parameters (AddParameter): Name = "Rating"; Value = "Rating?"; VariantName = "[No Variations]"
Change component parameters (AddParameter): Name = "Type"; Value = "SPDT"; VariantName = "[No Variations]"
Change component parameters (AddParameter): Name = "Validation"; Value = "Valid"; VariantName = "[No Variations]"
Change component parameters (AddParameter): Name = "Value"; Value = "Value?"; VariantName = "[No Variations]"
Change component parameters: Designator = "D3" ("D3"); Footprint = "D_SOD123W"; UniqueID = "\XWXKNNMM\SFWBHYFL" ("\XWXKNNMM\SFWBHYFL")
Change component parameters (AddParameter): Name = "Inflow"; Value = "inflow?"; VariantName = "[No Variations]"
Change component parameters (AddParameter): Name = "Package"; Value = "SC70-5"; VariantName = "[No Variations]"
Change component parameters (AddParameter): Name = "Rating"; Value = "Rating?"; VariantName = "[No Variations]"
Change component parameters (AddParameter): Name = "Type"; Value = "TVS"; VariantName = "[No Variations]"
Change component parameters (AddParameter): Name = "Validation"; Value = "Valid"; VariantName = "[No Variations]"
Change component parameters (AddParameter): Name = "Value"; Value = "SMF-05"; VariantName = "[No Variations]"
Added Component: Designator=1(LED0805GRN)
Add component (AddParameter): Name = "ASSEMBLY"; Value = "ASSEMBLY"; VariantName = "[No Variations]"
Add component (AddParameter): Name = "DESC"; Value = "DESCRIPTION"; VariantName = "[No Variations]"
Add component (AddParameter): Name = "MANF"; Value = "-"; VariantName = "[No Variations]"
Add component (AddParameter): Name = "MANF_P#"; Value = "-"; VariantName = "[No Variations]"
Add component (AddParameter): Name = "PARAM"; Value = "20mA"; VariantName = "[No Variations]"
Add component (AddParameter): Name = "PARAM2"; Value = "2.2V"; VariantName = "[No Variations]"
Add component (AddParameter): Name = "PRICE"; Value = "36t@Javan"; VariantName = "[No Variations]"
Add component (AddParameter): Name = "VALUE"; Value = "LED805GRN"; VariantName = "[No Variations]"
Added Component: Designator=2(LED0805GRN)
Add component (AddParameter): Name = "ASSEMBLY"; Value = "ASSEMBLY"; VariantName = "[No Variations]"
Add component (AddParameter): Name = "DESC"; Value = "DESCRIPTION"; VariantName = "[No Variations]"
Add component (AddParameter): Name = "MANF"; Value = "-"; VariantName = "[No Variations]"
Add component (AddParameter): Name = "MANF_P#"; Value = "-"; VariantName = "[No Variations]"
Add component (AddParameter): Name = "PARAM"; Value = "20mA"; VariantName = "[No Variations]"
Add component (AddParameter): Name = "PARAM2"; Value = "2.2V"; VariantName = "[No Variations]"
Add component (AddParameter): Name = "PRICE"; Value = "36t@Javan"; VariantName = "[No Variations]"
Add component (AddParameter): Name = "VALUE"; Value = "LED805GRN"; VariantName = "[No Variations]"
Added Component: Designator=3(LED0805GRN)
Add component (AddParameter): Name = "ASSEMBLY"; Value = "ASSEMBLY"; VariantName = "[No Variations]"
Add component (AddParameter): Name = "DESC"; Value = "DESCRIPTION"; VariantName = "[No Variations]"
Add component (AddParameter): Name = "MANF"; Value = "-"; VariantName = "[No Variations]"
Add component (AddParameter): Name = "MANF_P#"; Value = "-"; VariantName = "[No Variations]"
Add component (AddParameter): Name = "PARAM"; Value = "20mA"; VariantName = "[No Variations]"
Add component (AddParameter): Name = "PARAM2"; Value = "2.2V"; VariantName = "[No Variations]"
Add component (AddParameter): Name = "PRICE"; Value = "36t@Javan"; VariantName = "[No Variations]"
Add component (AddParameter): Name = "VALUE"; Value = "LED805GRN"; VariantName = "[No Variations]"
Added Component: Designator=C5(C0805)
Add component (AddParameter): Name = "ASSEMBLY"; Value = "ASSEMBLY"; VariantName = "[No Variations]"
Add component (AddParameter): Name = "DESC"; Value = "CAP, MLCC"; VariantName = "[No Variations]"
Add component (AddParameter): Name = "DIST#"; Value = "MOUSER"; VariantName = "[No Variations]"
Add component (AddParameter): Name = "MANF"; Value = "Taiyo Yuden"; VariantName = "[No Variations]"
Add component (AddParameter): Name = "MANF_P#"; Value = "UMK212ABJ225KG-T"; VariantName = "[No Variations]"
Add component (AddParameter): Name = "PARAM"; Value = "X5R, 10%"; VariantName = "[No Variations]"
Add component (AddParameter): Name = "PARAM2"; Value = "50V"; VariantName = "[No Variations]"
Add component (AddParameter): Name = "PRICE"; Value = "100= 10$"; VariantName = "[No Variations]"
Add component (AddParameter): Name = "VALUE"; Value = "22pF"; VariantName = "[No Variations]"
Added Component: Designator=C6(C0805)
Add component (AddParameter): Name = "ASSEMBLY"; Value = "ASSEMBLY"; VariantName = "[No Variations]"
Add component (AddParameter): Name = "DESC"; Value = "CAP, MLCC"; VariantName = "[No Variations]"
Add component (AddParameter): Name = "DIST#"; Value = "MOUSER"; VariantName = "[No Variations]"
Add component (AddParameter): Name = "MANF"; Value = "Taiyo Yuden"; VariantName = "[No Variations]"
Add component (AddParameter): Name = "MANF_P#"; Value = "UMK212ABJ225KG-T"; VariantName = "[No Variations]"
Add component (AddParameter): Name = "PARAM"; Value = "X5R, 10%"; VariantName = "[No Variations]"
Add component (AddParameter): Name = "PARAM2"; Value = "50V"; VariantName = "[No Variations]"
Add component (AddParameter): Name = "PRICE"; Value = "100= 10$"; VariantName = "[No Variations]"
Add component (AddParameter): Name = "VALUE"; Value = "22pF"; VariantName = "[No Variations]"
Added Component: Designator=C7(C_TN_2012)
Add component (AddParameter): Name = "ASSEMBLY"; Value = ""; VariantName = "[No Variations]"
Add component (AddParameter): Name = "DESC"; Value = ""; VariantName = "[No Variations]"
Add component (AddParameter): Name = "DIST#"; Value = ""; VariantName = "[No Variations]"
Add component (AddParameter): Name = "MANF"; Value = ""; VariantName = "[No Variations]"
Add component (AddParameter): Name = "MANF_P#"; Value = ""; VariantName = "[No Variations]"
Add component (AddParameter): Name = "PARAM"; Value = ""; VariantName = "[No Variations]"
Add component (AddParameter): Name = "PARAM2"; Value = "6.3V"; VariantName = "[No Variations]"
Add component (AddParameter): Name = "PRICE"; Value = ""; VariantName = "[No Variations]"
Add component (AddParameter): Name = "VALUE"; Value = "47uF"; VariantName = "[No Variations]"
Added Component: Designator=C8(C0805)
Add component (AddParameter): Name = "ASSEMBLY"; Value = "ASSEMBLY"; VariantName = "[No Variations]"
Add component (AddParameter): Name = "DESC"; Value = "CAP, MLCC"; VariantName = "[No Variations]"
Add component (AddParameter): Name = "DIST#"; Value = "MOUSER"; VariantName = "[No Variations]"
Add component (AddParameter): Name = "MANF"; Value = "Taiyo Yuden"; VariantName = "[No Variations]"
Add component (AddParameter): Name = "MANF_P#"; Value = "UMK212ABJ225KG-T"; VariantName = "[No Variations]"
Add component (AddParameter): Name = "PARAM"; Value = "X5R, 10%"; VariantName = "[No Variations]"
Add component (AddParameter): Name = "PARAM2"; Value = "50V"; VariantName = "[No Variations]"
Add component (AddParameter): Name = "PRICE"; Value = "100= 10$"; VariantName = "[No Variations]"
Add component (AddParameter): Name = "VALUE"; Value = "68pF"; VariantName = "[No Variations]"
Added Component: Designator=C9(C0805)
Add component (AddParameter): Name = "ASSEMBLY"; Value = "ASSEMBLY"; VariantName = "[No Variations]"
Add component (AddParameter): Name = "DESC"; Value = "CAP, MLCC"; VariantName = "[No Variations]"
Add component (AddParameter): Name = "DIST#"; Value = "MOUSER"; VariantName = "[No Variations]"
Add component (AddParameter): Name = "MANF"; Value = "Taiyo Yuden"; VariantName = "[No Variations]"
Add component (AddParameter): Name = "MANF_P#"; Value = "UMK212ABJ225KG-T"; VariantName = "[No Variations]"
Add component (AddParameter): Name = "PARAM"; Value = "X5R, 10%"; VariantName = "[No Variations]"
Add component (AddParameter): Name = "PARAM2"; Value = "50V"; VariantName = "[No Variations]"
Add component (AddParameter): Name = "PRICE"; Value = "100= 10$"; VariantName = "[No Variations]"
Add component (AddParameter): Name = "VALUE"; Value = "68pF"; VariantName = "[No Variations]"
Added Component: Designator=C10(C0805)
Add component (AddParameter): Name = "ASSEMBLY"; Value = "ASSEMBLY"; VariantName = "[No Variations]"
Add component (AddParameter): Name = "DESC"; Value = "CAP, MLCC"; VariantName = "[No Variations]"
Add component (AddParameter): Name = "DIST#"; Value = "MOUSER"; VariantName = "[No Variations]"
Add component (AddParameter): Name = "MANF"; Value = "Taiyo Yuden"; VariantName = "[No Variations]"
Add component (AddParameter): Name = "MANF_P#"; Value = "UMK212ABJ225KG-T"; VariantName = "[No Variations]"
Add component (AddParameter): Name = "PARAM"; Value = "X5R, 10%"; VariantName = "[No Variations]"
Add component (AddParameter): Name = "PARAM2"; Value = "50V"; VariantName = "[No Variations]"
Add component (AddParameter): Name = "PRICE"; Value = "100= 10$"; VariantName = "[No Variations]"
Add component (AddParameter): Name = "VALUE"; Value = "68pF"; VariantName = "[No Variations]"
Added Component: Designator=C11(C_TN_2012)
Add component (AddParameter): Name = "ASSEMBLY"; Value = ""; VariantName = "[No Variations]"
Add component (AddParameter): Name = "DESC"; Value = ""; VariantName = "[No Variations]"
Add component (AddParameter): Name = "DIST#"; Value = ""; VariantName = "[No Variations]"
Add component (AddParameter): Name = "MANF"; Value = ""; VariantName = "[No Variations]"
Add component (AddParameter): Name = "MANF_P#"; Value = ""; VariantName = "[No Variations]"
Add component (AddParameter): Name = "PARAM"; Value = ""; VariantName = "[No Variations]"
Add component (AddParameter): Name = "PARAM2"; Value = "6.3V"; VariantName = "[No Variations]"
Add component (AddParameter): Name = "PRICE"; Value = ""; VariantName = "[No Variations]"
Add component (AddParameter): Name = "VALUE"; Value = "1uF"; VariantName = "[No Variations]"
Added Component: Designator=C12(C0805)
Add component (AddParameter): Name = "ASSEMBLY"; Value = "ASSEMBLY"; VariantName = "[No Variations]"
Add component (AddParameter): Name = "DESC"; Value = "CAP, MLCC"; VariantName = "[No Variations]"
Add component (AddParameter): Name = "DIST#"; Value = "MOUSER"; VariantName = "[No Variations]"
Add component (AddParameter): Name = "MANF"; Value = "Taiyo Yuden"; VariantName = "[No Variations]"
Add component (AddParameter): Name = "MANF_P#"; Value = "UMK212ABJ225KG-T"; VariantName = "[No Variations]"
Add component (AddParameter): Name = "PARAM"; Value = "X5R, 10%"; VariantName = "[No Variations]"
Add component (AddParameter): Name = "PARAM2"; Value = "50V"; VariantName = "[No Variations]"
Add component (AddParameter): Name = "PRICE"; Value = "100= 10$"; VariantName = "[No Variations]"
Add component (AddParameter): Name = "VALUE"; Value = "33pF"; VariantName = "[No Variations]"
Added Component: Designator=C13(C0805)
Add component (AddParameter): Name = "ASSEMBLY"; Value = "ASSEMBLY"; VariantName = "[No Variations]"
Add component (AddParameter): Name = "DESC"; Value = "CAP, MLCC"; VariantName = "[No Variations]"
Add component (AddParameter): Name = "DIST#"; Value = "MOUSER"; VariantName = "[No Variations]"
Add component (AddParameter): Name = "MANF"; Value = "Taiyo Yuden"; VariantName = "[No Variations]"
Add component (AddParameter): Name = "MANF_P#"; Value = "UMK212ABJ225KG-T"; VariantName = "[No Variations]"
Add component (AddParameter): Name = "PARAM"; Value = "X5R, 10%"; VariantName = "[No Variations]"
Add component (AddParameter): Name = "PARAM2"; Value = "50V"; VariantName = "[No Variations]"
Add component (AddParameter): Name = "PRICE"; Value = "100= 10$"; VariantName = "[No Variations]"
Add component (AddParameter): Name = "VALUE"; Value = "100nF"; VariantName = "[No Variations]"
Added Component: Designator=C14(C0805)
Add component (AddParameter): Name = "ASSEMBLY"; Value = "ASSEMBLY"; VariantName = "[No Variations]"
Add component (AddParameter): Name = "DESC"; Value = "CAP, MLCC"; VariantName = "[No Variations]"
Add component (AddParameter): Name = "DIST#"; Value = "MOUSER"; VariantName = "[No Variations]"
Add component (AddParameter): Name = "MANF"; Value = "Taiyo Yuden"; VariantName = "[No Variations]"
Add component (AddParameter): Name = "MANF_P#"; Value = "UMK212ABJ225KG-T"; VariantName = "[No Variations]"
Add component (AddParameter): Name = "PARAM"; Value = "X5R, 10%"; VariantName = "[No Variations]"
Add component (AddParameter): Name = "PARAM2"; Value = "50V"; VariantName = "[No Variations]"
Add component (AddParameter): Name = "PRICE"; Value = "100= 10$"; VariantName = "[No Variations]"
Add component (AddParameter): Name = "VALUE"; Value = "68pF"; VariantName = "[No Variations]"
Added Component: Designator=C15(C0805)
Add component (AddParameter): Name = "ASSEMBLY"; Value = "ASSEMBLY"; VariantName = "[No Variations]"
Add component (AddParameter): Name = "DESC"; Value = "CAP, MLCC"; VariantName = "[No Variations]"
Add component (AddParameter): Name = "DIST#"; Value = "MOUSER"; VariantName = "[No Variations]"
Add component (AddParameter): Name = "MANF"; Value = "Taiyo Yuden"; VariantName = "[No Variations]"
Add component (AddParameter): Name = "MANF_P#"; Value = "UMK212ABJ225KG-T"; VariantName = "[No Variations]"
Add component (AddParameter): Name = "PARAM"; Value = "X5R, 10%"; VariantName = "[No Variations]"
Add component (AddParameter): Name = "PARAM2"; Value = "50V"; VariantName = "[No Variations]"
Add component (AddParameter): Name = "PRICE"; Value = "100= 10$"; VariantName = "[No Variations]"
Add component (AddParameter): Name = "VALUE"; Value = "68pF"; VariantName = "[No Variations]"
Added Component: Designator=C16(C0805)
Add component (AddParameter): Name = "ASSEMBLY"; Value = "ASSEMBLY"; VariantName = "[No Variations]"
Add component (AddParameter): Name = "DESC"; Value = "CAP, MLCC"; VariantName = "[No Variations]"
Add component (AddParameter): Name = "DIST#"; Value = "MOUSER"; VariantName = "[No Variations]"
Add component (AddParameter): Name = "MANF"; Value = "Taiyo Yuden"; VariantName = "[No Variations]"
Add component (AddParameter): Name = "MANF_P#"; Value = "UMK212ABJ225KG-T"; VariantName = "[No Variations]"
Add component (AddParameter): Name = "PARAM"; Value = "X5R, 10%"; VariantName = "[No Variations]"
Add component (AddParameter): Name = "PARAM2"; Value = "50V"; VariantName = "[No Variations]"
Add component (AddParameter): Name = "PRICE"; Value = "100= 10$"; VariantName = "[No Variations]"
Add component (AddParameter): Name = "VALUE"; Value = "68pF"; VariantName = "[No Variations]"
Added Component: Designator=C17(Cap - 220n - 400V - Poly)
Add component (AddParameter): Name = "Inflow"; Value = "inflow?"; VariantName = "[No Variations]"
Add component (AddParameter): Name = "Package"; Value = "Package?"; VariantName = "[No Variations]"
Add component (AddParameter): Name = "Rating"; Value = "Rating?"; VariantName = "[No Variations]"
Add component (AddParameter): Name = "Type"; Value = "Type?"; VariantName = "[No Variations]"
Add component (AddParameter): Name = "Validation"; Value = "NT"; VariantName = "[No Variations]"
Add component (AddParameter): Name = "Value"; Value = "10n'F, 600'V"; VariantName = "[No Variations]"
Added Component: Designator=C18(C_EL_8X12)
Add component (AddParameter): Name = "ASSEMBLY"; Value = "ASSEMBLY"; VariantName = "[No Variations]"
Add component (AddParameter): Name = "DESC"; Value = "DESCRIPTION"; VariantName = "[No Variations]"
Add component (AddParameter): Name = "DIST#"; Value = "MOUSER"; VariantName = "[No Variations]"
Add component (AddParameter): Name = "MANF"; Value = "MANF"; VariantName = "[No Variations]"
Add component (AddParameter): Name = "MANF_P#"; Value = "MANF_PART#"; VariantName = "[No Variations]"
Add component (AddParameter): Name = "PARAM"; Value = "20%"; VariantName = "[No Variations]"
Add component (AddParameter): Name = "PARAM2"; Value = "25V"; VariantName = "[No Variations]"
Add component (AddParameter): Name = "PRICE"; Value = "10= 5$"; VariantName = "[No Variations]"
Add component (AddParameter): Name = "VALUE"; Value = "100uF"; VariantName = "[No Variations]"
Added Component: Designator=C19(Cap - 220n - 400V - Poly)
Add component (AddParameter): Name = "Inflow"; Value = "inflow?"; VariantName = "[No Variations]"
Add component (AddParameter): Name = "Package"; Value = "Package?"; VariantName = "[No Variations]"
Add component (AddParameter): Name = "Rating"; Value = "Rating?"; VariantName = "[No Variations]"
Add component (AddParameter): Name = "Type"; Value = "Type?"; VariantName = "[No Variations]"
Add component (AddParameter): Name = "Validation"; Value = "NT"; VariantName = "[No Variations]"
Add component (AddParameter): Name = "Value"; Value = "10n'F, 600'V"; VariantName = "[No Variations]"
Added Component: Designator=C20(C_EL_8X12)
Add component (AddParameter): Name = "ASSEMBLY"; Value = "ASSEMBLY"; VariantName = "[No Variations]"
Add component (AddParameter): Name = "DESC"; Value = "DESCRIPTION"; VariantName = "[No Variations]"
Add component (AddParameter): Name = "DIST#"; Value = "MOUSER"; VariantName = "[No Variations]"
Add component (AddParameter): Name = "MANF"; Value = "MANF"; VariantName = "[No Variations]"
Add component (AddParameter): Name = "MANF_P#"; Value = "MANF_PART#"; VariantName = "[No Variations]"
Add component (AddParameter): Name = "PARAM"; Value = "20%"; VariantName = "[No Variations]"
Add component (AddParameter): Name = "PARAM2"; Value = "25V"; VariantName = "[No Variations]"
Add component (AddParameter): Name = "PRICE"; Value = "10= 5$"; VariantName = "[No Variations]"
Add component (AddParameter): Name = "VALUE"; Value = "100uF"; VariantName = "[No Variations]"
Added Component: Designator=C?(C0805)
Add component (AddParameter): Name = "ASSEMBLY"; Value = "ASSEMBLY"; VariantName = "[No Variations]"
Add component (AddParameter): Name = "DESC"; Value = "CAP, MLCC"; VariantName = "[No Variations]"
Add component (AddParameter): Name = "DIST#"; Value = "MOUSER"; VariantName = "[No Variations]"
Add component (AddParameter): Name = "MANF"; Value = "Taiyo Yuden"; VariantName = "[No Variations]"
Add component (AddParameter): Name = "MANF_P#"; Value = "UMK212ABJ225KG-T"; VariantName = "[No Variations]"
Add component (AddParameter): Name = "PARAM"; Value = "X5R, 10%"; VariantName = "[No Variations]"
Add component (AddParameter): Name = "PARAM2"; Value = "50V"; VariantName = "[No Variations]"
Add component (AddParameter): Name = "PRICE"; Value = "100= 10$"; VariantName = "[No Variations]"
Add component (AddParameter): Name = "VALUE"; Value = "91pF"; VariantName = "[No Variations]"
Added Component: Designator=D8(D_SOD123W)
Add component (AddParameter): Name = "ASSEMBLY"; Value = "ASSEMBLY"; VariantName = "[No Variations]"
Add component (AddParameter): Name = "DESC"; Value = "DESCRIPTION"; VariantName = "[No Variations]"
Add component (AddParameter): Name = "MANF"; Value = "DIODES"; VariantName = "[No Variations]"
Add component (AddParameter): Name = "MANF_P#"; Value = "1N5819HW-7-F"; VariantName = "[No Variations]"
Add component (AddParameter): Name = "PARAM"; Value = "40V"; VariantName = "[No Variations]"
Add component (AddParameter): Name = "PARAM2"; Value = "1A"; VariantName = "[No Variations]"
Add component (AddParameter): Name = "PRICE"; Value = "PRICE"; VariantName = "[No Variations]"
Add component (AddParameter): Name = "VALUE"; Value = "1N5819"; VariantName = "[No Variations]"
Added Component: Designator=D9(D_SOD123W)
Add component (AddParameter): Name = "ASSEMBLY"; Value = "ASSEMBLY"; VariantName = "[No Variations]"
Add component (AddParameter): Name = "DESC"; Value = "DESCRIPTION"; VariantName = "[No Variations]"
Add component (AddParameter): Name = "MANF"; Value = "DIODES"; VariantName = "[No Variations]"
Add component (AddParameter): Name = "MANF_P#"; Value = "1N5819HW-7-F"; VariantName = "[No Variations]"
Add component (AddParameter): Name = "PARAM"; Value = "40V"; VariantName = "[No Variations]"
Add component (AddParameter): Name = "PARAM2"; Value = "1A"; VariantName = "[No Variations]"
Add component (AddParameter): Name = "PRICE"; Value = "PRICE"; VariantName = "[No Variations]"
Add component (AddParameter): Name = "VALUE"; Value = "1N5819"; VariantName = "[No Variations]"
Added Component: Designator=D10(D_SOD123W)
Add component (AddParameter): Name = "ASSEMBLY"; Value = "ASSEMBLY"; VariantName = "[No Variations]"
Add component (AddParameter): Name = "DESC"; Value = "DESCRIPTION"; VariantName = "[No Variations]"
Add component (AddParameter): Name = "MANF"; Value = "DIODES"; VariantName = "[No Variations]"
Add component (AddParameter): Name = "MANF_P#"; Value = "1N5819HW-7-F"; VariantName = "[No Variations]"
Add component (AddParameter): Name = "PARAM"; Value = "40V"; VariantName = "[No Variations]"
Add component (AddParameter): Name = "PARAM2"; Value = "1A"; VariantName = "[No Variations]"
Add component (AddParameter): Name = "PRICE"; Value = "PRICE"; VariantName = "[No Variations]"
Add component (AddParameter): Name = "VALUE"; Value = "1N5819"; VariantName = "[No Variations]"
Added Component: Designator=DB1(DBRG_DIPSMD)
Add component (AddParameter): Name = "ASSEMBLY"; Value = ""; VariantName = "[No Variations]"
Add component (AddParameter): Name = "DESC"; Value = ""; VariantName = "[No Variations]"
Add component (AddParameter): Name = "MANF"; Value = ""; VariantName = "[No Variations]"
Add component (AddParameter): Name = "MANF_P#"; Value = ""; VariantName = "[No Variations]"
Add component (AddParameter): Name = "PARAM"; Value = ""; VariantName = "[No Variations]"
Add component (AddParameter): Name = "PARAM2"; Value = ""; VariantName = "[No Variations]"
Add component (AddParameter): Name = "PRICE"; Value = ""; VariantName = "[No Variations]"
Add component (AddParameter): Name = "VALUE"; Value = "DF04S"; VariantName = "[No Variations]"
Added Component: Designator=DB2(DBRG_DIPSMD)
Add component (AddParameter): Name = "ASSEMBLY"; Value = ""; VariantName = "[No Variations]"
Add component (AddParameter): Name = "DESC"; Value = ""; VariantName = "[No Variations]"
Add component (AddParameter): Name = "MANF"; Value = ""; VariantName = "[No Variations]"
Add component (AddParameter): Name = "MANF_P#"; Value = ""; VariantName = "[No Variations]"
Add component (AddParameter): Name = "PARAM"; Value = ""; VariantName = "[No Variations]"
Add component (AddParameter): Name = "PARAM2"; Value = ""; VariantName = "[No Variations]"
Add component (AddParameter): Name = "PRICE"; Value = ""; VariantName = "[No Variations]"
Add component (AddParameter): Name = "VALUE"; Value = "DF04S"; VariantName = "[No Variations]"
Added Component: Designator=F2(FUSH_5X20MM)
Add component (AddParameter): Name = "ASSEMBLY"; Value = ""; VariantName = "[No Variations]"
Add component (AddParameter): Name = "DESC"; Value = ""; VariantName = "[No Variations]"
Add component (AddParameter): Name = "MANF"; Value = "MANF"; VariantName = "[No Variations]"
Add component (AddParameter): Name = "MANF_P#"; Value = "MANF_PART#"; VariantName = "[No Variations]"
Add component (AddParameter): Name = "PARAM"; Value = "2A"; VariantName = "[No Variations]"
Add component (AddParameter): Name = "PARAM2"; Value = "PARAM2"; VariantName = "[No Variations]"
Add component (AddParameter): Name = "PRICE"; Value = ""; VariantName = "[No Variations]"
Add component (AddParameter): Name = "VALUE"; Value = "FUSE2A"; VariantName = "[No Variations]"
Added Component: Designator=J3(GCT_SIM8051)
Add component (AddParameter): Name = "Inflow"; Value = "inflow?"; VariantName = "[No Variations]"
Add component (AddParameter): Name = "Package"; Value = "SMD"; VariantName = "[No Variations]"
Add component (AddParameter): Name = "Rating"; Value = "Rating?"; VariantName = "[No Variations]"
Add component (AddParameter): Name = "Type"; Value = "Nano"; VariantName = "[No Variations]"
Add component (AddParameter): Name = "Validation"; Value = "Valid"; VariantName = "[No Variations]"
Add component (AddParameter): Name = "Value"; Value = "6'Pin"; VariantName = "[No Variations]"
Added Component: Designator=J4(GMSTB762_4)
Add component (AddParameter): Name = "ASSEMBLY"; Value = ""; VariantName = "[No Variations]"
Add component (AddParameter): Name = "DESC"; Value = ""; VariantName = "[No Variations]"
Add component (AddParameter): Name = "DIST#"; Value = ""; VariantName = "[No Variations]"
Add component (AddParameter): Name = "MANF"; Value = ""; VariantName = "[No Variations]"
Add component (AddParameter): Name = "MANF_P#"; Value = "GMSTB 2,5/4-G-7,62"; VariantName = "[No Variations]"
Add component (AddParameter): Name = "PARAM"; Value = ""; VariantName = "[No Variations]"
Add component (AddParameter): Name = "PARAM2"; Value = ""; VariantName = "[No Variations]"
Add component (AddParameter): Name = "PRICE"; Value = ""; VariantName = "[No Variations]"
Add component (AddParameter): Name = "VALUE"; Value = "CONN_GMSTB4"; VariantName = "[No Variations]"
Added Component: Designator=J6(GMSTB762_4)
Add component (AddParameter): Name = "ASSEMBLY"; Value = ""; VariantName = "[No Variations]"
Add component (AddParameter): Name = "DESC"; Value = ""; VariantName = "[No Variations]"
Add component (AddParameter): Name = "DIST#"; Value = ""; VariantName = "[No Variations]"
Add component (AddParameter): Name = "MANF"; Value = ""; VariantName = "[No Variations]"
Add component (AddParameter): Name = "MANF_P#"; Value = "GMSTB 2,5/4-G-7,62"; VariantName = "[No Variations]"
Add component (AddParameter): Name = "PARAM"; Value = ""; VariantName = "[No Variations]"
Add component (AddParameter): Name = "PARAM2"; Value = ""; VariantName = "[No Variations]"
Add component (AddParameter): Name = "PRICE"; Value = ""; VariantName = "[No Variations]"
Add component (AddParameter): Name = "VALUE"; Value = "CONN_GMSTB4"; VariantName = "[No Variations]"
Added Component: Designator=MC1(m66)
Add component (AddParameter): Name = "Inflow"; Value = "inflow?"; VariantName = "[No Variations]"
Add component (AddParameter): Name = "Package"; Value = "Dip"; VariantName = "[No Variations]"
Add component (AddParameter): Name = "Rating"; Value = "Rating?"; VariantName = "[No Variations]"
Add component (AddParameter): Name = "Type"; Value = "GSM-GPRS"; VariantName = "[No Variations]"
Add component (AddParameter): Name = "Validation"; Value = "Valid"; VariantName = "[No Variations]"
Add component (AddParameter): Name = "Value"; Value = "M66"; VariantName = "[No Variations]"
Added Component: Designator=MC2(RF_ETRXB)
Add component (AddParameter): Name = "Inflow"; Value = "8251"; VariantName = "[No Variations]"
Add component (AddParameter): Name = "Package"; Value = "Dip"; VariantName = "[No Variations]"
Add component (AddParameter): Name = "Rating"; Value = "433M"; VariantName = "[No Variations]"
Add component (AddParameter): Name = "Type"; Value = "Learning"; VariantName = "[No Variations]"
Add component (AddParameter): Name = "Validation"; Value = "Valid"; VariantName = "[No Variations]"
Add component (AddParameter): Name = "Value"; Value = "RXB22"; VariantName = "[No Variations]"
Added Component: Designator=MS1(AHT20)
Add component (AddParameter): Name = "Inflow"; Value = "inflow?"; VariantName = "[No Variations]"
Add component (AddParameter): Name = "Package"; Value = "Dip"; VariantName = "[No Variations]"
Add component (AddParameter): Name = "Rating"; Value = "Rating?"; VariantName = "[No Variations]"
Add component (AddParameter): Name = "Type"; Value = "Air T&H"; VariantName = "[No Variations]"
Add component (AddParameter): Name = "Validation"; Value = "Valid"; VariantName = "[No Variations]"
Add component (AddParameter): Name = "Value"; Value = "AHT20"; VariantName = "[No Variations]"
Added Component: Designator=Q2(SO_16_W)
Add component (AddParameter): Name = "ASSEMBLY"; Value = ""; VariantName = "[No Variations]"
Add component (AddParameter): Name = "DESC"; Value = ""; VariantName = "[No Variations]"
Add component (AddParameter): Name = "MANF"; Value = "ST"; VariantName = "[No Variations]"
Add component (AddParameter): Name = "MANF_P#"; Value = "ULN2003D1"; VariantName = "[No Variations]"
Add component (AddParameter): Name = "PARAM"; Value = "7-CH, 50V, 0.5A"; VariantName = "[No Variations]"
Add component (AddParameter): Name = "PARAM2"; Value = "5V TTL/CMOS"; VariantName = "[No Variations]"
Add component (AddParameter): Name = "PRICE"; Value = ""; VariantName = "[No Variations]"
Add component (AddParameter): Name = "VALUE"; Value = "ULN2003"; VariantName = "[No Variations]"
Added Component: Designator=R1(R0805)
Add component (AddParameter): Name = "ASSEMBLY"; Value = "ASSEMBLY"; VariantName = "[No Variations]"
Add component (AddParameter): Name = "DESC"; Value = "DESCRIPTION"; VariantName = "[No Variations]"
Add component (AddParameter): Name = "DIST#"; Value = "MOUSER"; VariantName = "[No Variations]"
Add component (AddParameter): Name = "MANF"; Value = "-"; VariantName = "[No Variations]"
Add component (AddParameter): Name = "MANF_P#"; Value = "-"; VariantName = "[No Variations]"
Add component (AddParameter): Name = "PARAM"; Value = "-W"; VariantName = "[No Variations]"
Add component (AddParameter): Name = "PARAM2"; Value = "1%"; VariantName = "[No Variations]"
Add component (AddParameter): Name = "PRICE"; Value = "100= 0.5$"; VariantName = "[No Variations]"
Add component (AddParameter): Name = "VALUE"; Value = "4.7K"; VariantName = "[No Variations]"
Added Component: Designator=R5(R0805)
Add component (AddParameter): Name = "ASSEMBLY"; Value = "ASSEMBLY"; VariantName = "[No Variations]"
Add component (AddParameter): Name = "DESC"; Value = "DESCRIPTION"; VariantName = "[No Variations]"
Add component (AddParameter): Name = "DIST#"; Value = "MOUSER"; VariantName = "[No Variations]"
Add component (AddParameter): Name = "MANF"; Value = "-"; VariantName = "[No Variations]"
Add component (AddParameter): Name = "MANF_P#"; Value = "-"; VariantName = "[No Variations]"
Add component (AddParameter): Name = "PARAM"; Value = "-W"; VariantName = "[No Variations]"
Add component (AddParameter): Name = "PARAM2"; Value = "1%"; VariantName = "[No Variations]"
Add component (AddParameter): Name = "PRICE"; Value = "100= 0.5$"; VariantName = "[No Variations]"
Add component (AddParameter): Name = "VALUE"; Value = "4.7K"; VariantName = "[No Variations]"
Added Component: Designator=R6(R0805)
Add component (AddParameter): Name = "ASSEMBLY"; Value = "ASSEMBLY"; VariantName = "[No Variations]"
Add component (AddParameter): Name = "DESC"; Value = "DESCRIPTION"; VariantName = "[No Variations]"
Add component (AddParameter): Name = "DIST#"; Value = "MOUSER"; VariantName = "[No Variations]"
Add component (AddParameter): Name = "MANF"; Value = "-"; VariantName = "[No Variations]"
Add component (AddParameter): Name = "MANF_P#"; Value = "-"; VariantName = "[No Variations]"
Add component (AddParameter): Name = "PARAM"; Value = "-W"; VariantName = "[No Variations]"
Add component (AddParameter): Name = "PARAM2"; Value = "1%"; VariantName = "[No Variations]"
Add component (AddParameter): Name = "PRICE"; Value = "100= 0.5$"; VariantName = "[No Variations]"
Add component (AddParameter): Name = "VALUE"; Value = "47K"; VariantName = "[No Variations]"
Added Component: Designator=R7(R0805)
Add component (AddParameter): Name = "ASSEMBLY"; Value = "ASSEMBLY"; VariantName = "[No Variations]"
Add component (AddParameter): Name = "DESC"; Value = "DESCRIPTION"; VariantName = "[No Variations]"
Add component (AddParameter): Name = "DIST#"; Value = "MOUSER"; VariantName = "[No Variations]"
Add component (AddParameter): Name = "MANF"; Value = "-"; VariantName = "[No Variations]"
Add component (AddParameter): Name = "MANF_P#"; Value = "-"; VariantName = "[No Variations]"
Add component (AddParameter): Name = "PARAM"; Value = "-W"; VariantName = "[No Variations]"
Add component (AddParameter): Name = "PARAM2"; Value = "1%"; VariantName = "[No Variations]"
Add component (AddParameter): Name = "PRICE"; Value = "100= 0.5$"; VariantName = "[No Variations]"
Add component (AddParameter): Name = "VALUE"; Value = "1K"; VariantName = "[No Variations]"
Added Component: Designator=R8(R0805)
Add component (AddParameter): Name = "ASSEMBLY"; Value = "ASSEMBLY"; VariantName = "[No Variations]"
Add component (AddParameter): Name = "DESC"; Value = "DESCRIPTION"; VariantName = "[No Variations]"
Add component (AddParameter): Name = "DIST#"; Value = "MOUSER"; VariantName = "[No Variations]"
Add component (AddParameter): Name = "MANF"; Value = "-"; VariantName = "[No Variations]"
Add component (AddParameter): Name = "MANF_P#"; Value = "-"; VariantName = "[No Variations]"
Add component (AddParameter): Name = "PARAM"; Value = "-W"; VariantName = "[No Variations]"
Add component (AddParameter): Name = "PARAM2"; Value = "1%"; VariantName = "[No Variations]"
Add component (AddParameter): Name = "PRICE"; Value = "100= 0.5$"; VariantName = "[No Variations]"
Add component (AddParameter): Name = "VALUE"; Value = "22"; VariantName = "[No Variations]"
Added Component: Designator=R9(R0805)
Add component (AddParameter): Name = "ASSEMBLY"; Value = "ASSEMBLY"; VariantName = "[No Variations]"
Add component (AddParameter): Name = "DESC"; Value = "DESCRIPTION"; VariantName = "[No Variations]"
Add component (AddParameter): Name = "DIST#"; Value = "MOUSER"; VariantName = "[No Variations]"
Add component (AddParameter): Name = "MANF"; Value = "-"; VariantName = "[No Variations]"
Add component (AddParameter): Name = "MANF_P#"; Value = "-"; VariantName = "[No Variations]"
Add component (AddParameter): Name = "PARAM"; Value = "-W"; VariantName = "[No Variations]"
Add component (AddParameter): Name = "PARAM2"; Value = "1%"; VariantName = "[No Variations]"
Add component (AddParameter): Name = "PRICE"; Value = "100= 0.5$"; VariantName = "[No Variations]"
Add component (AddParameter): Name = "VALUE"; Value = "5.6K"; VariantName = "[No Variations]"
Added Component: Designator=R10(R0805)
Add component (AddParameter): Name = "ASSEMBLY"; Value = "ASSEMBLY"; VariantName = "[No Variations]"
Add component (AddParameter): Name = "DESC"; Value = "DESCRIPTION"; VariantName = "[No Variations]"
Add component (AddParameter): Name = "DIST#"; Value = "MOUSER"; VariantName = "[No Variations]"
Add component (AddParameter): Name = "MANF"; Value = "-"; VariantName = "[No Variations]"
Add component (AddParameter): Name = "MANF_P#"; Value = "-"; VariantName = "[No Variations]"
Add component (AddParameter): Name = "PARAM"; Value = "-W"; VariantName = "[No Variations]"
Add component (AddParameter): Name = "PARAM2"; Value = "1%"; VariantName = "[No Variations]"
Add component (AddParameter): Name = "PRICE"; Value = "100= 0.5$"; VariantName = "[No Variations]"
Add component (AddParameter): Name = "VALUE"; Value = "22"; VariantName = "[No Variations]"
Added Component: Designator=R11(R0805)
Add component (AddParameter): Name = "ASSEMBLY"; Value = "ASSEMBLY"; VariantName = "[No Variations]"
Add component (AddParameter): Name = "DESC"; Value = "DESCRIPTION"; VariantName = "[No Variations]"
Add component (AddParameter): Name = "DIST#"; Value = "MOUSER"; VariantName = "[No Variations]"
Add component (AddParameter): Name = "MANF"; Value = "-"; VariantName = "[No Variations]"
Add component (AddParameter): Name = "MANF_P#"; Value = "-"; VariantName = "[No Variations]"
Add component (AddParameter): Name = "PARAM"; Value = "-W"; VariantName = "[No Variations]"
Add component (AddParameter): Name = "PARAM2"; Value = "1%"; VariantName = "[No Variations]"
Add component (AddParameter): Name = "PRICE"; Value = "100= 0.5$"; VariantName = "[No Variations]"
Add component (AddParameter): Name = "VALUE"; Value = "22"; VariantName = "[No Variations]"
Added Component: Designator=R12(R0805)
Add component (AddParameter): Name = "ASSEMBLY"; Value = "ASSEMBLY"; VariantName = "[No Variations]"
Add component (AddParameter): Name = "DESC"; Value = "DESCRIPTION"; VariantName = "[No Variations]"
Add component (AddParameter): Name = "DIST#"; Value = "MOUSER"; VariantName = "[No Variations]"
Add component (AddParameter): Name = "MANF"; Value = "-"; VariantName = "[No Variations]"
Add component (AddParameter): Name = "MANF_P#"; Value = "-"; VariantName = "[No Variations]"
Add component (AddParameter): Name = "PARAM"; Value = "-W"; VariantName = "[No Variations]"
Add component (AddParameter): Name = "PARAM2"; Value = "1%"; VariantName = "[No Variations]"
Add component (AddParameter): Name = "PRICE"; Value = "100= 0.5$"; VariantName = "[No Variations]"
Add component (AddParameter): Name = "VALUE"; Value = "22"; VariantName = "[No Variations]"
Added Component: Designator=R13(R025W_AX04)
Add component (AddParameter): Name = "ASSEMBLY"; Value = "ASSEMBLY"; VariantName = "[No Variations]"
Add component (AddParameter): Name = "DESC"; Value = "DESCRIPTION"; VariantName = "[No Variations]"
Add component (AddParameter): Name = "DIST#"; Value = "MOUSER"; VariantName = "[No Variations]"
Add component (AddParameter): Name = "MANF"; Value = "KOA SPEER"; VariantName = "[No Variations]"
Add component (AddParameter): Name = "MANF_P#"; Value = "RK73H1ETTP4701F"; VariantName = "[No Variations]"
Add component (AddParameter): Name = "PARAM"; Value = "0.063W"; VariantName = "[No Variations]"
Add component (AddParameter): Name = "PARAM2"; Value = "1%"; VariantName = "[No Variations]"
Add component (AddParameter): Name = "PRICE"; Value = "100= 0.5$"; VariantName = "[No Variations]"
Add component (AddParameter): Name = "VALUE"; Value = "10K"; VariantName = "[No Variations]"
Added Component: Designator=R14(R025W_AX04)
Add component (AddParameter): Name = "ASSEMBLY"; Value = "ASSEMBLY"; VariantName = "[No Variations]"
Add component (AddParameter): Name = "DESC"; Value = "DESCRIPTION"; VariantName = "[No Variations]"
Add component (AddParameter): Name = "DIST#"; Value = "MOUSER"; VariantName = "[No Variations]"
Add component (AddParameter): Name = "MANF"; Value = "KOA SPEER"; VariantName = "[No Variations]"
Add component (AddParameter): Name = "MANF_P#"; Value = "RK73H1ETTP4701F"; VariantName = "[No Variations]"
Add component (AddParameter): Name = "PARAM"; Value = "0.063W"; VariantName = "[No Variations]"
Add component (AddParameter): Name = "PARAM2"; Value = "1%"; VariantName = "[No Variations]"
Add component (AddParameter): Name = "PRICE"; Value = "100= 0.5$"; VariantName = "[No Variations]"
Add component (AddParameter): Name = "VALUE"; Value = "10K"; VariantName = "[No Variations]"
Added Component: Designator=R15(R025W_AX04)
Add component (AddParameter): Name = "ASSEMBLY"; Value = "ASSEMBLY"; VariantName = "[No Variations]"
Add component (AddParameter): Name = "DESC"; Value = "DESCRIPTION"; VariantName = "[No Variations]"
Add component (AddParameter): Name = "DIST#"; Value = "MOUSER"; VariantName = "[No Variations]"
Add component (AddParameter): Name = "MANF"; Value = "KOA SPEER"; VariantName = "[No Variations]"
Add component (AddParameter): Name = "MANF_P#"; Value = "RK73H1ETTP4701F"; VariantName = "[No Variations]"
Add component (AddParameter): Name = "PARAM"; Value = "0.063W"; VariantName = "[No Variations]"
Add component (AddParameter): Name = "PARAM2"; Value = "1%"; VariantName = "[No Variations]"
Add component (AddParameter): Name = "PRICE"; Value = "100= 0.5$"; VariantName = "[No Variations]"
Add component (AddParameter): Name = "VALUE"; Value = "10K"; VariantName = "[No Variations]"
Added Component: Designator=R16(R025W_AX04)
Add component (AddParameter): Name = "ASSEMBLY"; Value = "ASSEMBLY"; VariantName = "[No Variations]"
Add component (AddParameter): Name = "DESC"; Value = "DESCRIPTION"; VariantName = "[No Variations]"
Add component (AddParameter): Name = "DIST#"; Value = "MOUSER"; VariantName = "[No Variations]"
Add component (AddParameter): Name = "MANF"; Value = "KOA SPEER"; VariantName = "[No Variations]"
Add component (AddParameter): Name = "MANF_P#"; Value = "RK73H1ETTP4701F"; VariantName = "[No Variations]"
Add component (AddParameter): Name = "PARAM"; Value = "0.063W"; VariantName = "[No Variations]"
Add component (AddParameter): Name = "PARAM2"; Value = "1%"; VariantName = "[No Variations]"
Add component (AddParameter): Name = "PRICE"; Value = "100= 0.5$"; VariantName = "[No Variations]"
Add component (AddParameter): Name = "VALUE"; Value = "10K"; VariantName = "[No Variations]"
Added Component: Designator=R17(R025W_AX04)
Add component (AddParameter): Name = "ASSEMBLY"; Value = "ASSEMBLY"; VariantName = "[No Variations]"
Add component (AddParameter): Name = "DESC"; Value = "DESCRIPTION"; VariantName = "[No Variations]"
Add component (AddParameter): Name = "DIST#"; Value = "MOUSER"; VariantName = "[No Variations]"
Add component (AddParameter): Name = "MANF"; Value = "KOA SPEER"; VariantName = "[No Variations]"
Add component (AddParameter): Name = "MANF_P#"; Value = "RK73H1ETTP4701F"; VariantName = "[No Variations]"
Add component (AddParameter): Name = "PARAM"; Value = "0.063W"; VariantName = "[No Variations]"
Add component (AddParameter): Name = "PARAM2"; Value = "1%"; VariantName = "[No Variations]"
Add component (AddParameter): Name = "PRICE"; Value = "100= 0.5$"; VariantName = "[No Variations]"
Add component (AddParameter): Name = "VALUE"; Value = "10K"; VariantName = "[No Variations]"
Added Component: Designator=R18(R025W_AX04)
Add component (AddParameter): Name = "ASSEMBLY"; Value = "ASSEMBLY"; VariantName = "[No Variations]"
Add component (AddParameter): Name = "DESC"; Value = "DESCRIPTION"; VariantName = "[No Variations]"
Add component (AddParameter): Name = "DIST#"; Value = "MOUSER"; VariantName = "[No Variations]"
Add component (AddParameter): Name = "MANF"; Value = "KOA SPEER"; VariantName = "[No Variations]"
Add component (AddParameter): Name = "MANF_P#"; Value = "RK73H1ETTP4701F"; VariantName = "[No Variations]"
Add component (AddParameter): Name = "PARAM"; Value = "0.063W"; VariantName = "[No Variations]"
Add component (AddParameter): Name = "PARAM2"; Value = "1%"; VariantName = "[No Variations]"
Add component (AddParameter): Name = "PRICE"; Value = "100= 0.5$"; VariantName = "[No Variations]"
Add component (AddParameter): Name = "VALUE"; Value = "10K"; VariantName = "[No Variations]"
Added Component: Designator=R19(R025W_AX04)
Add component (AddParameter): Name = "ASSEMBLY"; Value = "ASSEMBLY"; VariantName = "[No Variations]"
Add component (AddParameter): Name = "DESC"; Value = "DESCRIPTION"; VariantName = "[No Variations]"
Add component (AddParameter): Name = "DIST#"; Value = "MOUSER"; VariantName = "[No Variations]"
Add component (AddParameter): Name = "MANF"; Value = "KOA SPEER"; VariantName = "[No Variations]"
Add component (AddParameter): Name = "MANF_P#"; Value = "RK73H1ETTP4701F"; VariantName = "[No Variations]"
Add component (AddParameter): Name = "PARAM"; Value = "0.063W"; VariantName = "[No Variations]"
Add component (AddParameter): Name = "PARAM2"; Value = "1%"; VariantName = "[No Variations]"
Add component (AddParameter): Name = "PRICE"; Value = "100= 0.5$"; VariantName = "[No Variations]"
Add component (AddParameter): Name = "VALUE"; Value = "10K"; VariantName = "[No Variations]"
Added Component: Designator=R20(R025W_AX04)
Add component (AddParameter): Name = "ASSEMBLY"; Value = "ASSEMBLY"; VariantName = "[No Variations]"
Add component (AddParameter): Name = "DESC"; Value = "DESCRIPTION"; VariantName = "[No Variations]"
Add component (AddParameter): Name = "DIST#"; Value = "MOUSER"; VariantName = "[No Variations]"
Add component (AddParameter): Name = "MANF"; Value = "KOA SPEER"; VariantName = "[No Variations]"
Add component (AddParameter): Name = "MANF_P#"; Value = "RK73H1ETTP4701F"; VariantName = "[No Variations]"
Add component (AddParameter): Name = "PARAM"; Value = "0.063W"; VariantName = "[No Variations]"
Add component (AddParameter): Name = "PARAM2"; Value = "1%"; VariantName = "[No Variations]"
Add component (AddParameter): Name = "PRICE"; Value = "100= 0.5$"; VariantName = "[No Variations]"
Add component (AddParameter): Name = "VALUE"; Value = "10K"; VariantName = "[No Variations]"
Added Component: Designator=R21(POT_3296W)
Add component (AddParameter): Name = "ASSEMBLY"; Value = ""; VariantName = "[No Variations]"
Add component (AddParameter): Name = "DESC"; Value = ""; VariantName = "[No Variations]"
Add component (AddParameter): Name = "DIST#"; Value = ""; VariantName = "[No Variations]"
Add component (AddParameter): Name = "MANF"; Value = ""; VariantName = "[No Variations]"
Add component (AddParameter): Name = "MANF_P#"; Value = ""; VariantName = "[No Variations]"
Add component (AddParameter): Name = "PARAM"; Value = ""; VariantName = "[No Variations]"
Add component (AddParameter): Name = "PARAM2"; Value = ""; VariantName = "[No Variations]"
Add component (AddParameter): Name = "PRICE"; Value = ""; VariantName = "[No Variations]"
Add component (AddParameter): Name = "VALUE"; Value = "POT10K"; VariantName = "[No Variations]"
Added Component: Designator=R32(R0805)
Add component (AddParameter): Name = "ASSEMBLY"; Value = "ASSEMBLY"; VariantName = "[No Variations]"
Add component (AddParameter): Name = "DESC"; Value = "DESCRIPTION"; VariantName = "[No Variations]"
Add component (AddParameter): Name = "DIST#"; Value = "MOUSER"; VariantName = "[No Variations]"
Add component (AddParameter): Name = "MANF"; Value = "-"; VariantName = "[No Variations]"
Add component (AddParameter): Name = "MANF_P#"; Value = "-"; VariantName = "[No Variations]"
Add component (AddParameter): Name = "PARAM"; Value = "-W"; VariantName = "[No Variations]"
Add component (AddParameter): Name = "PARAM2"; Value = "1%"; VariantName = "[No Variations]"
Add component (AddParameter): Name = "PRICE"; Value = "100= 0.5$"; VariantName = "[No Variations]"
Add component (AddParameter): Name = "VALUE"; Value = "1.8k"; VariantName = "[No Variations]"
Added Component: Designator=R33(R0805)
Add component (AddParameter): Name = "ASSEMBLY"; Value = "ASSEMBLY"; VariantName = "[No Variations]"
Add component (AddParameter): Name = "DESC"; Value = "DESCRIPTION"; VariantName = "[No Variations]"
Add component (AddParameter): Name = "DIST#"; Value = "MOUSER"; VariantName = "[No Variations]"
Add component (AddParameter): Name = "MANF"; Value = "-"; VariantName = "[No Variations]"
Add component (AddParameter): Name = "MANF_P#"; Value = "-"; VariantName = "[No Variations]"
Add component (AddParameter): Name = "PARAM"; Value = "-W"; VariantName = "[No Variations]"
Add component (AddParameter): Name = "PARAM2"; Value = "1%"; VariantName = "[No Variations]"
Add component (AddParameter): Name = "PRICE"; Value = "100= 0.5$"; VariantName = "[No Variations]"
Add component (AddParameter): Name = "VALUE"; Value = "1.8k"; VariantName = "[No Variations]"
Added Component: Designator=R34(R0805)
Add component (AddParameter): Name = "ASSEMBLY"; Value = "ASSEMBLY"; VariantName = "[No Variations]"
Add component (AddParameter): Name = "DESC"; Value = "DESCRIPTION"; VariantName = "[No Variations]"
Add component (AddParameter): Name = "DIST#"; Value = "MOUSER"; VariantName = "[No Variations]"
Add component (AddParameter): Name = "MANF"; Value = "-"; VariantName = "[No Variations]"
Add component (AddParameter): Name = "MANF_P#"; Value = "-"; VariantName = "[No Variations]"
Add component (AddParameter): Name = "PARAM"; Value = "-W"; VariantName = "[No Variations]"
Add component (AddParameter): Name = "PARAM2"; Value = "1%"; VariantName = "[No Variations]"
Add component (AddParameter): Name = "PRICE"; Value = "100= 0.5$"; VariantName = "[No Variations]"
Add component (AddParameter): Name = "VALUE"; Value = "1.8k"; VariantName = "[No Variations]"
Added Component: Designator=R35(R0805)
Add component (AddParameter): Name = "ASSEMBLY"; Value = "ASSEMBLY"; VariantName = "[No Variations]"
Add component (AddParameter): Name = "DESC"; Value = "DESCRIPTION"; VariantName = "[No Variations]"
Add component (AddParameter): Name = "DIST#"; Value = "MOUSER"; VariantName = "[No Variations]"
Add component (AddParameter): Name = "MANF"; Value = "-"; VariantName = "[No Variations]"
Add component (AddParameter): Name = "MANF_P#"; Value = "-"; VariantName = "[No Variations]"
Add component (AddParameter): Name = "PARAM"; Value = "-W"; VariantName = "[No Variations]"
Add component (AddParameter): Name = "PARAM2"; Value = "1%"; VariantName = "[No Variations]"
Add component (AddParameter): Name = "PRICE"; Value = "100= 0.5$"; VariantName = "[No Variations]"
Add component (AddParameter): Name = "VALUE"; Value = "1K"; VariantName = "[No Variations]"
Added Component: Designator=R36(R0805)
Add component (AddParameter): Name = "ASSEMBLY"; Value = "ASSEMBLY"; VariantName = "[No Variations]"
Add component (AddParameter): Name = "DESC"; Value = "DESCRIPTION"; VariantName = "[No Variations]"
Add component (AddParameter): Name = "DIST#"; Value = "MOUSER"; VariantName = "[No Variations]"
Add component (AddParameter): Name = "MANF"; Value = "-"; VariantName = "[No Variations]"
Add component (AddParameter): Name = "MANF_P#"; Value = "-"; VariantName = "[No Variations]"
Add component (AddParameter): Name = "PARAM"; Value = "-W"; VariantName = "[No Variations]"
Add component (AddParameter): Name = "PARAM2"; Value = "1%"; VariantName = "[No Variations]"
Add component (AddParameter): Name = "PRICE"; Value = "100= 0.5$"; VariantName = "[No Variations]"
Add component (AddParameter): Name = "VALUE"; Value = "1.8K"; VariantName = "[No Variations]"
Added Component: Designator=R?(R0805)
Add component (AddParameter): Name = "ASSEMBLY"; Value = "ASSEMBLY"; VariantName = "[No Variations]"
Add component (AddParameter): Name = "DESC"; Value = "DESCRIPTION"; VariantName = "[No Variations]"
Add component (AddParameter): Name = "DIST#"; Value = "MOUSER"; VariantName = "[No Variations]"
Add component (AddParameter): Name = "MANF"; Value = "-"; VariantName = "[No Variations]"
Add component (AddParameter): Name = "MANF_P#"; Value = "-"; VariantName = "[No Variations]"
Add component (AddParameter): Name = "PARAM"; Value = "-W"; VariantName = "[No Variations]"
Add component (AddParameter): Name = "PARAM2"; Value = "1%"; VariantName = "[No Variations]"
Add component (AddParameter): Name = "PRICE"; Value = "100= 0.5$"; VariantName = "[No Variations]"
Add component (AddParameter): Name = "VALUE"; Value = "100K"; VariantName = "[No Variations]"
Added Component: Designator=SW?(SWPBS_SPST_6X3X2)
Add component (AddParameter): Name = "ASSEMBLY"; Value = "ASSEMBLY"; VariantName = "[No Variations]"
Add component (AddParameter): Name = "DESC"; Value = "DESCRIPTION"; VariantName = "[No Variations]"
Add component (AddParameter): Name = "MANF"; Value = "C&K"; VariantName = "[No Variations]"
Add component (AddParameter): Name = "MANF_P#"; Value = "RS-282G05A3-SM RT"; VariantName = "[No Variations]"
Add component (AddParameter): Name = "PARAM"; Value = "PARAM"; VariantName = "[No Variations]"
Add component (AddParameter): Name = "PRICE"; Value = "0.8$"; VariantName = "[No Variations]"
Add component (AddParameter): Name = "VALUE"; Value = "PUSHBUTTON"; VariantName = "[No Variations]"
Added Component: Designator=U2(DIP8)
Add component (AddParameter): Name = "Inflow"; Value = "inflow?"; VariantName = "[No Variations]"
Add component (AddParameter): Name = "Package"; Value = "Package?"; VariantName = "[No Variations]"
Add component (AddParameter): Name = "Rating"; Value = "Rating?"; VariantName = "[No Variations]"
Add component (AddParameter): Name = "Type"; Value = "Type?"; VariantName = "[No Variations]"
Add component (AddParameter): Name = "Validation"; Value = "NT"; VariantName = "[No Variations]"
Add component (AddParameter): Name = "Value"; Value = "TLP521-2"; VariantName = "[No Variations]"
Added Component: Designator=U3(DIP8)
Add component (AddParameter): Name = "Inflow"; Value = "inflow?"; VariantName = "[No Variations]"
Add component (AddParameter): Name = "Package"; Value = "Package?"; VariantName = "[No Variations]"
Add component (AddParameter): Name = "Rating"; Value = "Rating?"; VariantName = "[No Variations]"
Add component (AddParameter): Name = "Type"; Value = "Type?"; VariantName = "[No Variations]"
Add component (AddParameter): Name = "Validation"; Value = "NT"; VariantName = "[No Variations]"
Add component (AddParameter): Name = "Value"; Value = "TLP521-2"; VariantName = "[No Variations]"
Added Component: Designator=U4(LCDCHAR_16X2_BLU)
Add component (AddParameter): Name = "ASSEMBLY"; Value = ""; VariantName = "[No Variations]"
Add component (AddParameter): Name = "DESC"; Value = ""; VariantName = "[No Variations]"
Add component (AddParameter): Name = "DIST#"; Value = ""; VariantName = "[No Variations]"
Add component (AddParameter): Name = "MANF"; Value = "Newhaven"; VariantName = "[No Variations]"
Add component (AddParameter): Name = "MANF_P#"; Value = "NHD-0216K3Z-NSW-BBW-V3"; VariantName = "[No Variations]"
Add component (AddParameter): Name = "PARAM"; Value = "2 lines x 16 characters"; VariantName = "[No Variations]"
Add component (AddParameter): Name = "PARAM2"; Value = "Blue back, White, 5V"; VariantName = "[No Variations]"
Add component (AddParameter): Name = "PRICE"; Value = ""; VariantName = "[No Variations]"
Add component (AddParameter): Name = "VALUE"; Value = "LCD_16X2"; VariantName = "[No Variations]"
Added Component: Designator=X1(XTL_2_11X5)
Add component (AddParameter): Name = "ASSEMBLY"; Value = ""; VariantName = "[No Variations]"
Add component (AddParameter): Name = "DESC"; Value = ""; VariantName = "[No Variations]"
Add component (AddParameter): Name = "DIST#"; Value = ""; VariantName = "[No Variations]"
Add component (AddParameter): Name = "MANF"; Value = "ABRACON"; VariantName = "[No Variations]"
Add component (AddParameter): Name = "MANF_P#"; Value = "ABLS-8.000MHZ-B4-T"; VariantName = "[No Variations]"
Add component (AddParameter): Name = "PARAM"; Value = "8MHz, 18pF, 30PPM, -20~70oC"; VariantName = "[No Variations]"
Add component (AddParameter): Name = "PARAM2"; Value = ""; VariantName = "[No Variations]"
Add component (AddParameter): Name = "PRICE"; Value = "0.3$"; VariantName = "[No Variations]"
Add component (AddParameter): Name = "VALUE"; Value = "XTL_16MHz"; VariantName = "[No Variations]"
Added Pin To Net: NetName=+12 Pin=1-1
Added Pin To Net: NetName=+12 Pin=2-1
Added Pin To Net: NetName=+12 Pin=3-1
Added Pin To Net: NetName=GND Pin=C5-1
Added Pin To Net: NetName=GND Pin=C6-1
Added Pin To Net: NetName=+4 Pin=C7-1
Added Pin To Net: NetName=GND Pin=C7-2
Added Pin To Net: NetName=GND Pin=C8-1
Added Pin To Net: NetName=+4 Pin=C8-2
Added Pin To Net: NetName=GND Pin=C9-1
Added Pin To Net: NetName=+4 Pin=C9-2
Added Pin To Net: NetName=GND Pin=C10-1
Added Pin To Net: NetName=+4 Pin=C10-2
Added Pin To Net: NetName=GND Pin=C11-2
Added Pin To Net: NetName=GND Pin=C12-1
Added Pin To Net: NetName=GND Pin=C13-1
Added Pin To Net: NetName=GND Pin=C14-1
Added Pin To Net: NetName=GND Pin=C15-1
Added Pin To Net: NetName=GND Pin=C16-1
Added Pin To Net: NetName=GND Pin=C?-1
Added Pin To Net: NetName=+4 Pin=D1-1
Added Pin To Net: NetName=GND Pin=D2-1
Added Pin To Net: NetName=+4 Pin=D2-2
Added Pin To Net: NetName=GND Pin=D3-2
Added Pin To Net: NetName=+12 Pin=D8-2
Added Pin To Net: NetName=+12 Pin=D9-2
Added Pin To Net: NetName=+12 Pin=D10-2
Added Pin To Net: NetName=phase Pin=F2-1
Added Pin To Net: NetName=GND Pin=J2-2
Added Pin To Net: NetName=GND Pin=J2-3
Added Pin To Net: NetName=GND Pin=J3-5
Added Pin To Net: NetName=GND Pin=J3-5
Added Pin To Net: NetName=GND Pin=J3-5
Added Pin To Net: NetName=phase Pin=J4-3
Added Pin To Net: NetName=null Pin=J4-4
Added Pin To Net: NetName=pump Pin=J6-3
Added Pin To Net: NetName=null Pin=J6-4
Added Pin To Net: NetName=pump Pin=K3-3
Added Pin To Net: NetName=GND Pin=MC1-1
Added Pin To Net: NetName=GND Pin=MC1-7
Added Pin To Net: NetName=GND Pin=MC1-10
Added Pin To Net: NetName=GND Pin=MC1-27
Added Pin To Net: NetName=GND Pin=MC1-34
Added Pin To Net: NetName=NetJ2_1 Pin=MC1-35
Added Pin To Net: NetName=GND Pin=MC1-36
Added Pin To Net: NetName=GND Pin=MC1-37
Added Pin To Net: NetName=GND Pin=MC1-40
Added Pin To Net: NetName=GND Pin=MC1-41
Added Pin To Net: NetName=+4 Pin=MC1-42
Added Pin To Net: NetName=+4 Pin=MC1-43
Added Pin To Net: NetName=GND Pin=MC2-2
Added Pin To Net: NetName=+5 Pin=MC2-3
Added Pin To Net: NetName=GND Pin=MC2-6
Added Pin To Net: NetName=GND Pin=MS1-3
Added Pin To Net: NetName=+3.3 Pin=MS1-4
Added Pin To Net: NetName=GND Pin=Q1-2
Added Pin To Net: NetName=speed Pin=Q2-1
Added Pin To Net: NetName=motor Pin=Q2-2
Added Pin To Net: NetName=pump Pin=Q2-3
Added Pin To Net: NetName=GND Pin=Q2-8
Added Pin To Net: NetName=+12 Pin=Q2-9
Added Pin To Net: NetName=+3.3 Pin=R1-2
Added Pin To Net: NetName=+3.3 Pin=R2-2
Added Pin To Net: NetName=GND Pin=R6-1
Added Pin To Net: NetName=GND Pin=R9-2
Added Pin To Net: NetName=+3.3 Pin=R14-2
Added Pin To Net: NetName=null Pin=R16-1
Added Pin To Net: NetName=+3.3 Pin=R18-2
Added Pin To Net: NetName=null Pin=R20-1
Added Pin To Net: NetName=+5 Pin=R21-1
Added Pin To Net: NetName=GND Pin=R21-3
Added Pin To Net: NetName=GND Pin=R36-1
Added Pin To Net: NetName=+3.3 Pin=R?-2
Added Pin To Net: NetName=GND Pin=SW?-1
Added Pin To Net: NetName=GND Pin=U2-7
Added Pin To Net: NetName=GND Pin=U3-7
Added Pin To Net: NetName=GND Pin=U4-1
Added Pin To Net: NetName=+5 Pin=U4-2
Added Pin To Net: NetName=GND Pin=U4-5
Added Pin To Net: NetName=GND Pin=U4-7
Added Pin To Net: NetName=GND Pin=U4-8
Added Pin To Net: NetName=GND Pin=U4-9
Added Pin To Net: NetName=GND Pin=U4-10
Added Pin To Net: NetName=+5 Pin=U4-15
Added Pin To Net: NetName=GND Pin=U4-16
Change Net Name : Old Net Name=NetC5_1 New Net Name=NetC21_1
Change Net Name : Old Net Name=NetC5_2 New Net Name=NetC21_2
Change Net Name : Old Net Name=NetC11_1 New Net Name=NetC27_1
Change Net Name : Old Net Name=NetC11_2 New Net Name=NetC27_2
Change Net Name : Old Net Name=NetC12_1 New Net Name=NetC28_1
Change Net Name : Old Net Name=NetC12_2 New Net Name=NetC28_2
Change Net Name : Old Net Name=NetC18_1 New Net Name=NetC34_1
Change Net Name : Old Net Name=NetC18_2 New Net Name=NetC34_2
Change Net Name : Old Net Name=NetD7_2 New Net Name=NetD4_2
Change Net Name : Old Net Name=NetD8_2 New Net Name=NetD5_2
Change Net Name : Old Net Name=NetD9_2 New Net Name=NetD6_2
Change Net Name : Old Net Name=NetD10_2 New Net Name=NetD7_2
Change Net Name : Old Net Name=NetF2_1 New Net Name=NetF1_1
Added Pin To Net: NetName=LCD_D4 Pin=U1-23
Added Pin To Net: NetName=LCD_D4 Pin=U4-11
Added Net: Name=LCD_D4
Added Pin To Net: NetName=LCD_D5 Pin=U1-24
Added Pin To Net: NetName=LCD_D5 Pin=U4-12
Added Net: Name=LCD_D5
Added Pin To Net: NetName=LCD_D6 Pin=U1-25
Added Pin To Net: NetName=LCD_D6 Pin=U4-13
Added Net: Name=LCD_D6
Added Pin To Net: NetName=LCD_D7 Pin=U1-26
Added Pin To Net: NetName=LCD_D7 Pin=U4-14
Added Net: Name=LCD_D7
Added Pin To Net: NetName=LCD_E Pin=U1-9
Added Pin To Net: NetName=LCD_E Pin=U4-6
Added Net: Name=LCD_E
Added Pin To Net: NetName=LCD_RS Pin=U1-2
Added Pin To Net: NetName=LCD_RS Pin=U4-4
Added Net: Name=LCD_RS
Added Pin To Net: NetName=Learn Pin=SW?-2
Added Pin To Net: NetName=Learn Pin=U1-1
Added Net: Name=Learn
Added Pin To Net: NetName=MH_micro Pin=R14-1
Added Pin To Net: NetName=MH_micro Pin=U1-10
Added Pin To Net: NetName=MH_micro Pin=U2-8
Added Net: Name=MH_micro
Added Pin To Net: NetName=ML_micro Pin=R18-1
Added Pin To Net: NetName=ML_micro Pin=U1-11
Added Pin To Net: NetName=ML_micro Pin=U3-8
Added Net: Name=ML_micro
Added Pin To Net: NetName=Motor/H Pin=C19-1
Added Pin To Net: NetName=Motor/H Pin=J4-1
Added Pin To Net: NetName=Motor/H Pin=R17-1
Added Net: Name=Motor/H
Added Pin To Net: NetName=Motor/L Pin=C17-1
Added Pin To Net: NetName=Motor/L Pin=J4-2
Added Pin To Net: NetName=Motor/L Pin=R13-1
Added Net: Name=Motor/L
Added Pin To Net: NetName=Net1_2 Pin=1-2
Added Pin To Net: NetName=Net1_2 Pin=R32-2
Added Net: Name=Net1_2
Added Pin To Net: NetName=Net2_2 Pin=2-2
Added Pin To Net: NetName=Net2_2 Pin=R33-2
Added Net: Name=Net2_2
Added Pin To Net: NetName=Net3_2 Pin=3-2
Added Pin To Net: NetName=Net3_2 Pin=R34-2
Added Net: Name=Net3_2
Added Pin To Net: NetName=NetC14_2 Pin=C14-2
Added Pin To Net: NetName=NetC14_2 Pin=J3-4
Added Pin To Net: NetName=NetC14_2 Pin=R10-2
Added Net: Name=NetC14_2
Added Pin To Net: NetName=NetC15_2 Pin=C15-2
Added Pin To Net: NetName=NetC15_2 Pin=J3-3
Added Pin To Net: NetName=NetC15_2 Pin=R11-2
Added Net: Name=NetC15_2
Added Pin To Net: NetName=NetC16_2 Pin=C16-2
Added Pin To Net: NetName=NetC16_2 Pin=J3-2
Added Pin To Net: NetName=NetC16_2 Pin=R12-2
Added Net: Name=NetC16_2
Added Pin To Net: NetName=NetC17_2 Pin=C17-2
Added Pin To Net: NetName=NetC17_2 Pin=DB1-3
Added Pin To Net: NetName=NetC17_2 Pin=R13-2
Added Net: Name=NetC17_2
Added Pin To Net: NetName=NetC18_1 Pin=C18-1
Added Pin To Net: NetName=NetC18_1 Pin=DB1-1
Added Pin To Net: NetName=NetC18_1 Pin=R15-1
Added Net: Name=NetC18_1
Added Pin To Net: NetName=NetC18_2 Pin=C18-2
Added Pin To Net: NetName=NetC18_2 Pin=DB1-2
Added Pin To Net: NetName=NetC18_2 Pin=U2-2
Added Net: Name=NetC18_2
Added Pin To Net: NetName=NetC19_2 Pin=C19-2
Added Pin To Net: NetName=NetC19_2 Pin=DB2-3
Added Pin To Net: NetName=NetC19_2 Pin=R17-2
Added Net: Name=NetC19_2
Added Pin To Net: NetName=NetC20_1 Pin=C20-1
Added Pin To Net: NetName=NetC20_1 Pin=DB2-1
Added Pin To Net: NetName=NetC20_1 Pin=R19-1
Added Net: Name=NetC20_1
Added Pin To Net: NetName=NetC20_2 Pin=C20-2
Added Pin To Net: NetName=NetC20_2 Pin=DB2-2
Added Pin To Net: NetName=NetC20_2 Pin=U3-2
Added Net: Name=NetC20_2
Added Pin To Net: NetName=NetC?_2 Pin=C?-2
Added Pin To Net: NetName=NetC?_2 Pin=R?-1
Added Net: Name=NetC?_2
Added Pin To Net: NetName=NetD1_2 Pin=D1-2
Added Pin To Net: NetName=NetD1_2 Pin=R4-2
Added Net: Name=NetD1_2
Added Pin To Net: NetName=NetD3_3 Pin=D3-3
Added Pin To Net: NetName=NetD3_3 Pin=MC1-14
Added Net: Name=NetD3_3
Added Pin To Net: NetName=NetD3_5 Pin=D3-5
Added Pin To Net: NetName=NetD3_5 Pin=MC1-11
Added Net: Name=NetD3_5
Added Pin To Net: NetName=NetD8_1 Pin=D8-1
Added Pin To Net: NetName=NetD8_1 Pin=K1-5
Added Net: Name=NetD8_1
Added Pin To Net: NetName=NetD9_1 Pin=D9-1
Added Pin To Net: NetName=NetD9_1 Pin=K2-5
Added Net: Name=NetD9_1
Added Pin To Net: NetName=NetD10_1 Pin=D10-1
Added Pin To Net: NetName=NetD10_1 Pin=K3-5
Added Net: Name=NetD10_1
Added Pin To Net: NetName=NetDB1_4 Pin=DB1-4
Added Pin To Net: NetName=NetDB1_4 Pin=R16-2
Added Net: Name=NetDB1_4
Added Pin To Net: NetName=NetDB2_4 Pin=DB2-4
Added Pin To Net: NetName=NetDB2_4 Pin=R20-2
Added Net: Name=NetDB2_4
Added Pin To Net: NetName=NetF2_2 Pin=F2-2
Added Pin To Net: NetName=NetF2_2 Pin=K2-1
Added Pin To Net: NetName=NetF2_2 Pin=K3-1
Added Net: Name=NetF2_2
Added Pin To Net: NetName=NetMC1_16 Pin=MC1-16
Added Pin To Net: NetName=NetMC1_16 Pin=R5-2
Added Net: Name=NetMC1_16
Added Pin To Net: NetName=NetMC1_17 Pin=MC1-17
Added Pin To Net: NetName=NetMC1_17 Pin=R7-1
Added Net: Name=NetMC1_17
Added Pin To Net: NetName=NetMC1_18 Pin=MC1-18
Added Pin To Net: NetName=NetMC1_18 Pin=R8-1
Added Pin To Net: NetName=NetMC1_18 Pin=R9-1
Added Net: Name=NetMC1_18
Added Pin To Net: NetName=NetMC2_4 Pin=MC2-4
Added Pin To Net: NetName=NetMC2_4 Pin=MC2-5
Added Pin To Net: NetName=NetMC2_4 Pin=R35-1
Added Net: Name=NetMC2_4
Added Pin To Net: NetName=NetQ1_1 Pin=Q1-1
Added Pin To Net: NetName=NetQ1_1 Pin=R5-1
Added Pin To Net: NetName=NetQ1_1 Pin=R6-2
Added Net: Name=NetQ1_1
Added Pin To Net: NetName=NetQ1_3 Pin=Q1-3
Added Pin To Net: NetName=NetQ1_3 Pin=R4-1
Added Net: Name=NetQ1_3
Added Pin To Net: NetName=NetQ2_14 Pin=Q2-14
Added Pin To Net: NetName=NetQ2_14 Pin=R34-1
Added Net: Name=NetQ2_14
Added Pin To Net: NetName=NetQ2_15 Pin=Q2-15
Added Pin To Net: NetName=NetQ2_15 Pin=R33-1
Added Net: Name=NetQ2_15
Added Pin To Net: NetName=NetQ2_16 Pin=Q2-16
Added Pin To Net: NetName=NetQ2_16 Pin=R32-1
Added Net: Name=NetQ2_16
Added Pin To Net: NetName=NetR15_2 Pin=R15-2
Added Pin To Net: NetName=NetR15_2 Pin=U2-1
Added Net: Name=NetR15_2
Added Pin To Net: NetName=NetR19_2 Pin=R19-2
Added Pin To Net: NetName=NetR19_2 Pin=U3-1
Added Net: Name=NetR19_2
Added Pin To Net: NetName=NetR21_2 Pin=R21-2
Added Pin To Net: NetName=NetR21_2 Pin=U4-3
Added Net: Name=NetR21_2
Added Pin To Net: NetName=Port Pin=R35-2
Added Pin To Net: NetName=Port Pin=R36-2
Added Pin To Net: NetName=Port Pin=U1-32
Added Net: Name=Port
Added Pin To Net: NetName=SCL Pin=MS1-2
Added Pin To Net: NetName=SCL Pin=R2-1
Added Pin To Net: NetName=SCL Pin=U1-28
Added Net: Name=SCL
Added Pin To Net: NetName=SDA Pin=MS1-1
Added Pin To Net: NetName=SDA Pin=R1-1
Added Pin To Net: NetName=SDA Pin=U1-27
Added Net: Name=SDA
Added Pin To Net: NetName=SIM CLK Pin=D3-4
Added Pin To Net: NetName=SIM CLK Pin=MC1-13
Added Pin To Net: NetName=SIM CLK Pin=R11-1
Added Net: Name=SIM CLK
Added Pin To Net: NetName=SIM DATA Pin=R10-1
Added Net: Name=SIM DATA
Added Pin To Net: NetName=SIM RST Pin=D3-1
Added Pin To Net: NetName=SIM RST Pin=MC1-12
Added Pin To Net: NetName=SIM RST Pin=R12-1
Added Net: Name=SIM RST
Added Pin To Net: NetName=SIM VDD Pin=C11-1
Added Pin To Net: NetName=SIM VDD Pin=C12-2
Added Pin To Net: NetName=SIM VDD Pin=C13-2
Added Pin To Net: NetName=SIM VDD Pin=J3-1
Added Net: Name=SIM VDD
Added Pin To Net: NetName=uRX Pin=R7-2
Added Pin To Net: NetName=uRX Pin=U1-30
Added Net: Name=uRX
Added Pin To Net: NetName=uTX Pin=R8-2
Added Pin To Net: NetName=uTX Pin=U1-31
Added Net: Name=uTX
Added Pin To Net: NetName=XTL1 Pin=C5-2
Added Pin To Net: NetName=XTL1 Pin=U1-7
Added Pin To Net: NetName=XTL1 Pin=X1-1
Added Net: Name=XTL1
Added Pin To Net: NetName=XTL2 Pin=C6-2
Added Pin To Net: NetName=XTL2 Pin=U1-8
Added Pin To Net: NetName=XTL2 Pin=X1-2
Added Net: Name=XTL2
Added Class: Name=U_alcd
Added Class: Name=U_GSM
Added Class: Name=U_input
Added Class: Name=U_Remot
Added Member To Class: ClassName=U_output Member=Component 1 LED805GRN
Added Member To Class: ClassName=U_output Member=Component 2 LED805GRN
Added Member To Class: ClassName=U_output Member=Component 3 LED805GRN
Added Member To Class: ClassName=U_controller Member=Component C5 22pF
Added Member To Class: ClassName=U_controller Member=Component C6 22pF
Added Member To Class: ClassName=U_controller Member=Component C? 91pF
Added Member To Class: ClassName=U_output Member=Component D8 1N5819
Added Member To Class: ClassName=U_output Member=Component D9 1N5819
Added Member To Class: ClassName=U_output Member=Component D10 1N5819
Added Member To Class: ClassName=U_output Member=Component F2 FUSE2A
Added Member To Class: ClassName=U_output Member=Component J6 CONN_GMSTB4
Added Member To Class: ClassName=U_controller Member=Component MS1 AHT20
Added Member To Class: ClassName=U_output Member=Component Q2 ULN2003
Added Member To Class: ClassName=U_controller Member=Component R2 4.7K
Added Member To Class: ClassName=U_controller Member=Component R3 100K
Added Member To Class: ClassName=U_output Member=Component R32 1.8k
Added Member To Class: ClassName=U_output Member=Component R33 1.8k
Added Member To Class: ClassName=U_output Member=Component R34 1.8k
Added Member To Class: ClassName=U_controller Member=Component R? 100K
Added Member To Class: ClassName=U_controller Member=Component SW? PUSHBUTTON
Added Member To Class: ClassName=U_controller Member=Component X1 XTL_16MHz
