Removed Pin From Net: NetName=+4 Pin=C25-1
Removed Pin From Net: NetName=GND Pin=C25-2
Removed Pin From Net: NetName=+5 Pin=C32-1
Removed Pin From Net: NetName=GND Pin=C32-2
Removed Member From Class: ClassName=U_supply Member=C25
Removed Member From Class: ClassName=U_supply Member=C32
Added Component: Designator=C18(C_TN_3528)
Add component (AddParameter): Name = "ASSEMBLY"; Value = ""; VariantName = "[No Variations]"
Add component (AddParameter): Name = "DESC"; Value = ""; VariantName = "[No Variations]"
Add component (AddParameter): Name = "DIST#"; Value = ""; VariantName = "[No Variations]"
Add component (AddParameter): Name = "MANF"; Value = "AVX"; VariantName = "[No Variations]"
Add component (AddParameter): Name = "MANF_P#"; Value = "TCJT106M016R0200"; VariantName = "[No Variations]"
Add component (AddParameter): Name = "PARAM"; Value = "20%, 200mOhm, -55~105oC"; VariantName = "[No Variations]"
Add component (AddParameter): Name = "PARAM2"; Value = "25V"; VariantName = "[No Variations]"
Add component (AddParameter): Name = "PRICE"; Value = "1$"; VariantName = "[No Variations]"
Add component (AddParameter): Name = "VALUE"; Value = "10uF"; VariantName = "[No Variations]"
Added Component: Designator=C19(C_TN_3528)
Add component (AddParameter): Name = "ASSEMBLY"; Value = ""; VariantName = "[No Variations]"
Add component (AddParameter): Name = "DESC"; Value = ""; VariantName = "[No Variations]"
Add component (AddParameter): Name = "DIST#"; Value = ""; VariantName = "[No Variations]"
Add component (AddParameter): Name = "MANF"; Value = "AVX"; VariantName = "[No Variations]"
Add component (AddParameter): Name = "MANF_P#"; Value = "TCJT106M016R0200"; VariantName = "[No Variations]"
Add component (AddParameter): Name = "PARAM"; Value = "20%, 200mOhm, -55~105oC"; VariantName = "[No Variations]"
Add component (AddParameter): Name = "PARAM2"; Value = "25V"; VariantName = "[No Variations]"
Add component (AddParameter): Name = "PRICE"; Value = "1$"; VariantName = "[No Variations]"
Add component (AddParameter): Name = "VALUE"; Value = "10uF"; VariantName = "[No Variations]"
Added Pin To Net: NetName=+4 Pin=C18-1
Added Pin To Net: NetName=GND Pin=C18-2
Added Pin To Net: NetName=+5 Pin=C19-1
Added Pin To Net: NetName=GND Pin=C19-2
Added Member To Class: ClassName=U_supply Member=Component C18 10uF
Added Member To Class: ClassName=U_supply Member=Component C19 10uF
