Removed Pin From Net: NetName=GND Pin=U4-1
Removed Pin From Net: NetName=+5 Pin=U4-2
Removed Pin From Net: NetName=GND Pin=U4-5
Removed Pin From Net: NetName=GND Pin=U4-7
Removed Pin From Net: NetName=GND Pin=U4-8
Removed Pin From Net: NetName=GND Pin=U4-9
Removed Pin From Net: NetName=GND Pin=U4-10
Removed Pin From Net: NetName=+5 Pin=U4-15
Removed Pin From Net: NetName=GND Pin=U4-16
Removed Member From Class: ClassName=U_alcd Member=U4
Change Component Designator: OldDesignator=C? NewDesignator=C39
Change Component Designator: OldDesignator=R? NewDesignator=R37
Change Component Designator: OldDesignator=SW? NewDesignator=SW2
Added Component: Designator=DS1(BOX-HDR-2x6-2.54mm-S)
Add component (AddParameter): Name = "Inflow"; Value = "8116"; VariantName = "[No Variations]"
Add component (AddParameter): Name = "Package"; Value = "Dip"; VariantName = "[No Variations]"
Add component (AddParameter): Name = "Rating"; Value = "Rating?"; VariantName = "[No Variations]"
Add component (AddParameter): Name = "Type"; Value = "Alphanumeric"; VariantName = "[No Variations]"
Add component (AddParameter): Name = "Validation"; Value = "Valid"; VariantName = "[No Variations]"
Add component (AddParameter): Name = "Value"; Value = "16x2"; VariantName = "[No Variations]"
Added Pin To Net: NetName=GND Pin=DS1-1
Added Pin To Net: NetName=+5 Pin=DS1-2
Added Pin To Net: NetName=GND Pin=DS1-5
Added Pin To Net: NetName=+5 Pin=DS1-11
Added Pin To Net: NetName=GND Pin=DS1-12
Change Net Name : Old Net Name=NetC?_2 New Net Name=NetC39_2
Added Pin To Net: NetName=LCD_D4 Pin=DS1-7
Added Net: Name=LCD_D4
Added Pin To Net: NetName=LCD_D5 Pin=DS1-8
Added Net: Name=LCD_D5
Added Pin To Net: NetName=LCD_D6 Pin=DS1-9
Added Net: Name=LCD_D6
Added Pin To Net: NetName=LCD_D7 Pin=DS1-10
Added Net: Name=LCD_D7
Added Pin To Net: NetName=LCD_E Pin=DS1-6
Added Net: Name=LCD_E
Added Pin To Net: NetName=LCD_RS Pin=DS1-4
Added Net: Name=LCD_RS
Added Pin To Net: NetName=NetDS1_3 Pin=DS1-3
Added Pin To Net: NetName=NetDS1_3 Pin=R21-2
Added Net: Name=NetDS1_3
Added Member To Class: ClassName=U_alcd Member=Component DS1 16x2
